========== RATIO EDGE CASE REPORT ==========

Abbott India Ltd
Sector : Industrials
Source ROE : 34.9
Calculated ROE : 19.97
Difference : 14.93
Category : Formula / Source Difference

Abbott India Ltd
Sector : Industrials
Source ROE : 34.9
Calculated ROE : 19.97
Difference : 14.93
Category : Formula / Source Difference

Abbott India Ltd
Sector : Industrials
Source ROE : 34.9
Calculated ROE : 21.34
Difference : 13.56
Category : Formula / Source Difference

Abbott India Ltd
Sector : Industrials
Source ROE : 34.9
Calculated ROE : 21.34
Difference : 13.56
Category : Formula / Source Difference

Abbott India Ltd
Sector : Industrials
Source ROE : 34.9
Calculated ROE : 22.41
Difference : 12.49
Category : Formula / Source Difference

Abbott India Ltd
Sector : Industrials
Source ROE : 34.9
Calculated ROE : 22.41
Difference : 12.49
Category : Formula / Source Difference

Abbott India Ltd
Sector : Industrials
Source ROE : 34.9
Calculated ROE : 22.41
Difference : 12.49
Category : Formula / Source Difference

Abbott India Ltd
Sector : Industrials
Source ROE : 34.9
Calculated ROE : 23.69
Difference : 11.21
Category : Formula / Source Difference

Abbott India Ltd
Sector : Industrials
Source ROE : 34.9
Calculated ROE : 23.69
Difference : 11.21
Category : Formula / Source Difference

Abbott India Ltd
Sector : Industrials
Source ROE : 34.9
Calculated ROE : 24.39
Difference : 10.51
Category : Formula / Source Difference

Abbott India Ltd
Sector : Industrials
Source ROE : 34.9
Calculated ROE : 24.39
Difference : 10.51
Category : Formula / Source Difference

Abbott India Ltd
Sector : Industrials
Source ROE : 34.9
Calculated ROE : 24.44
Difference : 10.46
Category : Formula / Source Difference

Abbott India Ltd
Sector : Industrials
Source ROE : 34.9
Calculated ROE : 24.44
Difference : 10.46
Category : Formula / Source Difference

Abbott India Ltd
Sector : Industrials
Source ROE : 34.9
Calculated ROE : 25.13
Difference : 9.77
Category : Formula / Source Difference

Abbott India Ltd
Sector : Industrials
Source ROE : 34.9
Calculated ROE : 25.13
Difference : 9.77
Category : Formula / Source Difference

Abbott India Ltd
Sector : Industrials
Source ROE : 34.9
Calculated ROE : 26.56
Difference : 8.34
Category : Formula / Source Difference

Abbott India Ltd
Sector : Industrials
Source ROE : 34.9
Calculated ROE : 26.56
Difference : 8.34
Category : Formula / Source Difference

Abbott India Ltd
Sector : Industrials
Source ROE : 34.9
Calculated ROE : 28.33
Difference : 6.57
Category : Formula / Source Difference

Abbott India Ltd
Sector : Industrials
Source ROE : 34.9
Calculated ROE : 28.33
Difference : 6.57
Category : Formula / Source Difference

Abbott India Ltd
Sector : Industrials
Source ROE : 34.9
Calculated ROE : 29.77
Difference : 5.13
Category : Formula / Source Difference

Abbott India Ltd
Sector : Industrials
Source ROE : 34.9
Calculated ROE : 29.77
Difference : 5.13
Category : Formula / Source Difference

Adani Energy Solutions Ltd
Sector : Energy
Source ROE : 8.59
Calculated ROE : -0.65
Difference : 9.24
Category : Formula / Source Difference

Adani Energy Solutions Ltd
Sector : Energy
Source ROE : 8.59
Calculated ROE : 0.0
Difference : 8.59
Category : Formula / Source Difference

Adani Energy Solutions Ltd
Sector : Energy
Source ROE : 8.59
Calculated ROE : 13.77
Difference : 5.18
Category : Formula / Source Difference

Adani Energy Solutions Ltd
Sector : Energy
Source ROE : 8.59
Calculated ROE : 14.12
Difference : 5.53
Category : Formula / Source Difference

Adani Energy Solutions Ltd
Sector : Energy
Source ROE : 8.59
Calculated ROE : 14.46
Difference : 5.87
Category : Formula / Source Difference

Adani Energy Solutions Ltd
Sector : Energy
Source ROE : 8.59
Calculated ROE : 18.87
Difference : 10.28
Category : Formula / Source Difference

Adani Enterprises Ltd
Sector : Industrials
Source ROE : 13.64
Calculated ROE : 3.43
Difference : 10.21
Category : Formula / Source Difference

Adani Enterprises Ltd
Sector : Industrials
Source ROE : 13.64
Calculated ROE : 3.54
Difference : 10.1
Category : Formula / Source Difference

Adani Enterprises Ltd
Sector : Industrials
Source ROE : 13.64
Calculated ROE : 3.94
Difference : 9.7
Category : Formula / Source Difference

Adani Enterprises Ltd
Sector : Industrials
Source ROE : 13.64
Calculated ROE : 5.69
Difference : 7.95
Category : Formula / Source Difference

Adani Enterprises Ltd
Sector : Industrials
Source ROE : 13.64
Calculated ROE : 6.1
Difference : 7.54
Category : Formula / Source Difference

Adani Enterprises Ltd
Sector : Industrials
Source ROE : 13.64
Calculated ROE : 6.14
Difference : 7.5
Category : Formula / Source Difference

Adani Enterprises Ltd
Sector : Industrials
Source ROE : 13.64
Calculated ROE : 6.54
Difference : 7.1
Category : Formula / Source Difference

Adani Enterprises Ltd
Sector : Industrials
Source ROE : 13.64
Calculated ROE : 7.33
Difference : 6.31
Category : Formula / Source Difference

Adani Enterprises Ltd
Sector : Industrials
Source ROE : 13.64
Calculated ROE : 7.47
Difference : 6.17
Category : Formula / Source Difference

Adani Enterprises Ltd
Sector : Industrials
Source ROE : 13.64
Calculated ROE : 7.96
Difference : 5.68
Category : Formula / Source Difference

Adani Enterprises Ltd
Sector : Industrials
Source ROE : 13.64
Calculated ROE : 8.53
Difference : 5.11
Category : Formula / Source Difference

Adani Green Energy Ltd
Sector : Energy
Source ROE : 14.7
Calculated ROE : -24.57
Difference : 39.27
Category : Formula / Source Difference

Adani Green Energy Ltd
Sector : Energy
Source ROE : 14.7
Calculated ROE : -10.29
Difference : 24.99
Category : Formula / Source Difference

Adani Green Energy Ltd
Sector : Energy
Source ROE : 14.7
Calculated ROE : -3.91
Difference : 18.61
Category : Formula / Source Difference

Adani Green Energy Ltd
Sector : Energy
Source ROE : 14.7
Calculated ROE : -2.89
Difference : 17.59
Category : Formula / Source Difference

Adani Green Energy Ltd
Sector : Energy
Source ROE : 14.7
Calculated ROE : 8.27
Difference : 6.43
Category : Formula / Source Difference

Adani Ports & Special Economic Zone Ltd

Sector : Industrials
Source ROE : 18.1
Calculated ROE : 11.84
Difference : 6.26
Category : Formula / Source Difference

Adani Ports & Special Economic Zone Ltd

Sector : Industrials
Source ROE : 18.1
Calculated ROE : 11.84
Difference : 6.26
Category : Formula / Source Difference

Adani Ports & Special Economic Zone Ltd

Sector : Industrials
Source ROE : 18.1
Calculated ROE : 11.88
Difference : 6.22
Category : Formula / Source Difference

Adani Ports & Special Economic Zone Ltd

Sector : Industrials
Source ROE : 18.1
Calculated ROE : 11.88
Difference : 6.22
Category : Formula / Source Difference

Adani Ports & Special Economic Zone Ltd

Sector : Industrials
Source ROE : 18.1
Calculated ROE : 25.63
Difference : 7.53
Category : Formula / Source Difference

Adani Ports & Special Economic Zone Ltd

Sector : Industrials
Source ROE : 18.1
Calculated ROE : 25.63
Difference : 7.53
Category : Formula / Source Difference

Adani Power Ltd
Sector : Energy
Source ROE : 57.1
Calculated ROE : -236.56
Difference : 293.66
Category : Formula / Source Difference

Adani Power Ltd
Sector : Energy
Source ROE : 57.1
Calculated ROE : -205.8
Difference : 262.9
Category : Formula / Source Difference

Adani Power Ltd
Sector : Energy
Source ROE : 57.1
Calculated ROE : -53.46
Difference : 110.56
Category : Formula / Source Difference

Adani Power Ltd
Sector : Energy
Source ROE : 57.1
Calculated ROE : -35.1
Difference : 92.2
Category : Formula / Source Difference

Adani Power Ltd
Sector : Energy
Source ROE : 57.1
Calculated ROE : -14.25
Difference : 71.35
Category : Formula / Source Difference

Adani Power Ltd
Sector : Energy
Source ROE : 57.1
Calculated ROE : -12.76
Difference : 69.86
Category : Formula / Source Difference

Adani Power Ltd
Sector : Energy
Source ROE : 57.1
Calculated ROE : -4.45
Difference : 61.55
Category : Formula / Source Difference

Adani Power Ltd
Sector : Energy
Source ROE : 57.1
Calculated ROE : 7.38
Difference : 49.72
Category : Formula / Source Difference

Adani Power Ltd
Sector : Energy
Source ROE : 57.1
Calculated ROE : 9.69
Difference : 47.41
Category : Formula / Source Difference

Adani Power Ltd
Sector : Energy
Source ROE : 57.1
Calculated ROE : 26.61
Difference : 30.49
Category : Formula / Source Difference

Adani Power Ltd
Sector : Energy
Source ROE : 57.1
Calculated ROE : 35.91
Difference : 21.19
Category : Formula / Source Difference

Adani Power Ltd
Sector : Energy
Source ROE : 57.1
Calculated ROE : 37.23
Difference : 19.87
Category : Formula / Source Difference

Adani Power Ltd
Sector : Energy
Source ROE : 57.1
Calculated ROE : 48.28
Difference : 8.82
Category : Formula / Source Difference

Ambuja Cements Ltd
Sector : Materials
Source ROE : 9.24
Calculated ROE : 14.64
Difference : 5.4
Category : Formula / Source Difference

Ambuja Cements Ltd
Sector : Materials
Source ROE : 9.24
Calculated ROE : 14.69
Difference : 5.45
Category : Formula / Source Difference

Ambuja Cements Ltd
Sector : Materials
Source ROE : 9.24
Calculated ROE : 14.77
Difference : 5.53
Category : Formula / Source Difference

Apollo Hospitals
Chain of Indian private hospitals
Sector : Healthcare
Source ROE : 13.81
Calculated ROE : 1.85
Difference : 11.96
Category : Formula / Source Difference

Apollo Hospitals
Chain of Indian private hospitals
Sector : Healthcare
Source ROE : 13.81
Calculated ROE : 2.98
Difference : 10.83
Category : Formula / Source Difference

Apollo Hospitals
Chain of Indian private hospitals
Sector : Healthcare
Source ROE : 13.81
Calculated ROE : 3.95
Difference : 9.86
Category : Formula / Source Difference

Apollo Hospitals
Chain of Indian private hospitals
Sector : Healthcare
Source ROE : 13.81
Calculated ROE : 6.0
Difference : 7.81
Category : Formula / Source Difference

Apollo Hospitals
Chain of Indian private hospitals
Sector : Healthcare
Source ROE : 13.81
Calculated ROE : 7.05
Difference : 6.76
Category : Formula / Source Difference

Apollo Hospitals
Chain of Indian private hospitals
Sector : Healthcare
Source ROE : 13.81
Calculated ROE : 19.7
Difference : 5.89
Category : Formula / Source Difference

Asian Paints
Indian Multi-National Paint and Coating Manufacturing Company
Sector : Materials
Source ROE : 31.45
Calculated ROE : 22.34
Difference : 9.11
Category : Formula / Source Difference

Asian Paints
Indian Multi-National Paint and Coating Manufacturing Company
Sector : Materials
Source ROE : 31.45
Calculated ROE : 22.34
Difference : 9.11
Category : Formula / Source Difference

Asian Paints
Indian Multi-National Paint and Coating Manufacturing Company
Sector : Materials
Source ROE : 31.45
Calculated ROE : 23.31
Difference : 8.14
Category : Formula / Source Difference

Asian Paints
Indian Multi-National Paint and Coating Manufacturing Company
Sector : Materials
Source ROE : 31.45
Calculated ROE : 23.31
Difference : 8.14
Category : Formula / Source Difference

Asian Paints
Indian Multi-National Paint and Coating Manufacturing Company
Sector : Materials
Source ROE : 31.45
Calculated ROE : 24.95
Difference : 6.5
Category : Formula / Source Difference

Asian Paints
Indian Multi-National Paint and Coating Manufacturing Company
Sector : Materials
Source ROE : 31.45
Calculated ROE : 24.95
Difference : 6.5
Category : Formula / Source Difference

Asian Paints
Indian Multi-National Paint and Coating Manufacturing Company
Sector : Materials
Source ROE : 31.45
Calculated ROE : 25.04
Difference : 6.41
Category : Formula / Source Difference

Asian Paints
Indian Multi-National Paint and Coating Manufacturing Company
Sector : Materials
Source ROE : 31.45
Calculated ROE : 25.04
Difference : 6.41
Category : Formula / Source Difference

Asian Paints
Indian Multi-National Paint and Coating Manufacturing Company
Sector : Materials
Source ROE : 31.45
Calculated ROE : 26.23
Difference : 5.22
Category : Formula / Source Difference

Asian Paints
Indian Multi-National Paint and Coating Manufacturing Company
Sector : Materials
Source ROE : 31.45
Calculated ROE : 26.23
Difference : 5.22
Category : Formula / Source Difference

Axis Bank Ltd
Sector : Financials
Source ROE : 18.4
Calculated ROE : 0.43
Difference : 17.97
Category : Financial Sector Exception

Axis Bank Ltd
Sector : Financials
Source ROE : 18.4
Calculated ROE : 1.88
Difference : 16.52
Category : Financial Sector Exception

Axis Bank Ltd
Sector : Financials
Source ROE : 18.4
Calculated ROE : 6.36
Difference : 12.04
Category : Financial Sector Exception

Axis Bank Ltd
Sector : Financials
Source ROE : 18.4
Calculated ROE : 6.53
Difference : 11.87
Category : Financial Sector Exception

Axis Bank Ltd
Sector : Financials
Source ROE : 18.4
Calculated ROE : 6.9
Difference : 11.5
Category : Financial Sector Exception

Axis Bank Ltd
Sector : Financials
Source ROE : 18.4
Calculated ROE : 7.38
Difference : 11.02
Category : Financial Sector Exception

Axis Bank Ltd
Sector : Financials
Source ROE : 18.4
Calculated ROE : 11.01
Difference : 7.39
Category : Financial Sector Exception

Bajaj Auto Ltd
Sector : Consumer Discretionary
Source ROE : 26.5
Calculated ROE : 17.81
Difference : 8.69
Category : Formula / Source Difference

Bajaj Auto Ltd
Sector : Consumer Discretionary
Source ROE : 26.5
Calculated ROE : 17.81
Difference : 8.69
Category : Formula / Source Difference

Bajaj Auto Ltd
Sector : Consumer Discretionary
Source ROE : 26.5
Calculated ROE : 20.64
Difference : 5.86
Category : Formula / Source Difference

Bajaj Auto Ltd
Sector : Consumer Discretionary
Source ROE : 26.5
Calculated ROE : 20.64
Difference : 5.86
Category : Formula / Source Difference

Bajaj Auto Ltd
Sector : Consumer Discretionary
Source ROE : 26.5
Calculated ROE : 20.65
Difference : 5.85
Category : Formula / Source Difference

Bajaj Auto Ltd
Sector : Consumer Discretionary
Source ROE : 26.5
Calculated ROE : 20.65
Difference : 5.85
Category : Formula / Source Difference

Bajaj Auto Ltd
Sector : Consumer Discretionary
Source ROE : 26.5
Calculated ROE : 20.66
Difference : 5.84
Category : Formula / Source Difference

Bajaj Auto Ltd
Sector : Consumer Discretionary
Source ROE : 26.5
Calculated ROE : 20.66
Difference : 5.84
Category : Formula / Source Difference

Bajaj Auto Ltd
Sector : Consumer Discretionary
Source ROE : 26.5
Calculated ROE : 21.21
Difference : 5.29
Category : Formula / Source Difference

Bajaj Auto Ltd
Sector : Consumer Discretionary
Source ROE : 26.5
Calculated ROE : 21.21
Difference : 5.29
Category : Formula / Source Difference

Bajaj Auto Ltd
Sector : Consumer Discretionary
Source ROE : 26.5
Calculated ROE : 33.24
Difference : 6.74
Category : Formula / Source Difference

Bajaj Auto Ltd
Sector : Consumer Discretionary
Source ROE : 26.5
Calculated ROE : 33.24
Difference : 6.74
Category : Formula / Source Difference

Bajaj Auto Ltd
Sector : Consumer Discretionary
Source ROE : 26.5
Calculated ROE : 38.85
Difference : 12.35
Category : Formula / Source Difference

Bajaj Auto Ltd
Sector : Consumer Discretionary
Source ROE : 26.5
Calculated ROE : 38.85
Difference : 12.35
Category : Formula / Source Difference

Bajaj Finserv Ltd
Sector : Financials
Source ROE : 11.72
Calculated ROE : 19.15
Difference : 7.43
Category : Financial Sector Exception

Bajaj Finserv Ltd
Sector : Financials
Source ROE : 11.72
Calculated ROE : 20.39
Difference : 8.67
Category : Financial Sector Exception

Bajaj Finserv Ltd
Sector : Financials
Source ROE : 11.72
Calculated ROE : 20.41
Difference : 8.69
Category : Financial Sector Exception

Bajaj Finserv Ltd
Sector : Financials
Source ROE : 11.72
Calculated ROE : 20.56
Difference : 8.84
Category : Financial Sector Exception

Bajaj Finserv Ltd
Sector : Financials
Source ROE : 11.72
Calculated ROE : 20.66
Difference : 8.94
Category : Financial Sector Exception

Bajaj Finserv Ltd
Sector : Financials
Source ROE : 11.72
Calculated ROE : 21.36
Difference : 9.64
Category : Financial Sector Exception

Bajaj Finserv Ltd
Sector : Financials
Source ROE : 11.72
Calculated ROE : 21.72
Difference : 10.0
Category : Financial Sector Exception

Bajaj Finserv Ltd
Sector : Financials
Source ROE : 11.72
Calculated ROE : 22.64
Difference : 10.92
Category : Financial Sector Exception

Bajaj Finserv Ltd
Sector : Financials
Source ROE : 11.72
Calculated ROE : 22.82
Difference : 11.1
Category : Financial Sector Exception

Bajaj Finserv Ltd
Sector : Financials
Source ROE : 11.72
Calculated ROE : 23.53
Difference : 11.81
Category : Financial Sector Exception

Bajaj Finserv Ltd
Sector : Financials
Source ROE : 11.72
Calculated ROE : 25.85
Difference : 14.13
Category : Financial Sector Exception

Bajaj Finserv Ltd
Sector : Financials
Source ROE : 11.72
Calculated ROE : 26.31
Difference : 14.59
Category : Financial Sector Exception

Bajaj Finserv Ltd
Sector : Financials
Source ROE : 11.72
Calculated ROE : 28.38
Difference : 16.66
Category : Financial Sector Exception

Bajaj Holdings & Investment Ltd
Sector : Financials
Source ROE : 14.8
Calculated ROE : 9.63
Difference : 5.17
Category : Financial Sector Exception

Bajaj Finance Ltd
Sector : Financials
Source ROE : 22.1
Calculated ROE : 11.97
Difference : 10.13
Category : Financial Sector Exception

Bajaj Finance Ltd
Sector : Financials
Source ROE : 22.1
Calculated ROE : 15.75
Difference : 6.35
Category : Financial Sector Exception

Bajaj Finance Ltd
Sector : Financials
Source ROE : 22.1
Calculated ROE : 16.08
Difference : 6.02
Category : Financial Sector Exception

Bajaj Finance Ltd
Sector : Financials
Source ROE : 22.1
Calculated ROE : 16.28
Difference : 5.82
Category : Financial Sector Exception

Bajaj Finance Ltd
Sector : Financials
Source ROE : 22.1
Calculated ROE : 16.65
Difference : 5.45
Category : Financial Sector Exception

Bank of Baroda
Sector : Financials
Source ROE : 16.7
Calculated ROE : -11.84
Difference : 28.54
Category : Financial Sector Exception

Bank of Baroda
Sector : Financials
Source ROE : 16.7
Calculated ROE : -3.94
Difference : 20.64
Category : Financial Sector Exception

Bank of Baroda
Sector : Financials
Source ROE : 16.7
Calculated ROE : 1.29
Difference : 15.41
Category : Financial Sector Exception

Bank of Baroda
Sector : Financials
Source ROE : 16.7
Calculated ROE : 1.97
Difference : 14.73
Category : Financial Sector Exception

Bank of Baroda
Sector : Financials
Source ROE : 16.7
Calculated ROE : 2.12
Difference : 14.58
Category : Financial Sector Exception

Bank of Baroda
Sector : Financials
Source ROE : 16.7
Calculated ROE : 4.31
Difference : 12.39
Category : Financial Sector Exception

Bank of Baroda
Sector : Financials
Source ROE : 16.7
Calculated ROE : 8.64
Difference : 8.06
Category : Financial Sector Exception

Bank of Baroda
Sector : Financials
Source ROE : 16.7
Calculated ROE : 9.4
Difference : 7.3
Category : Financial Sector Exception

Bharat Electronics Ltd
Sector : Industrials
Source ROE : 26.3
Calculated ROE : 3318.18
Difference : 3291.88
Category : Formula / Source Difference

Bharat Electronics Ltd
Sector : Industrials
Source ROE : 26.3
Calculated ROE : 3478.26
Difference : 3451.96
Category : Formula / Source Difference

Bharat Electronics Ltd
Sector : Industrials
Source ROE : 26.3
Calculated ROE : 3559.32
Difference : 3533.02
Category : Formula / Source Difference

Bharat Electronics Ltd
Sector : Industrials
Source ROE : 26.3
Calculated ROE : 3851.02
Difference : 3824.72
Category : Formula / Source Difference

Bharat Electronics Ltd
Sector : Industrials
Source ROE : 26.3
Calculated ROE : 3981.33
Difference : 3955.03
Category : Formula / Source Difference

Bharat Electronics Ltd
Sector : Industrials
Source ROE : 26.3
Calculated ROE : 4379.12
Difference : 4352.82
Category : Formula / Source Difference

Bharat Electronics Ltd
Sector : Industrials
Source ROE : 26.3
Calculated ROE : 4616.13
Difference : 4589.83
Category : Formula / Source Difference

Bharat Electronics Ltd
Sector : Industrials
Source ROE : 26.3
Calculated ROE : 4744.05
Difference : 4717.75
Category : Formula / Source Difference

Bharat Electronics Ltd
Sector : Industrials
Source ROE : 26.3
Calculated ROE : 10153.33
Difference : 10127.03
Category : Formula / Source Difference

Bharat Electronics Ltd
Sector : Industrials
Source ROE : 26.3
Calculated ROE : 11141.67
Difference : 11115.37
Category : Formula / Source Difference

Bharat Electronics Ltd
Sector : Industrials
Source ROE : 26.3
Calculated ROE : 13600.0
Difference : 13573.7
Category : Formula / Source Difference

Bharat Electronics Ltd
Sector : Industrials
Source ROE : 26.3
Calculated ROE : 15183.33
Difference : 15157.03
Category : Formula / Source Difference

Bharat Electronics Ltd
Sector : Industrials
Source ROE : 26.3
Calculated ROE : 17100.0
Difference : 17073.7
Category : Formula / Source Difference

Bharti Airtel Ltd
Sector : Communication Services
Source ROE : 14.9
Calculated ROE : -39.75
Difference : 54.65
Category : Formula / Source Difference

Bharti Airtel Ltd
Sector : Communication Services
Source ROE : 14.9
Calculated ROE : -20.97
Difference : 35.87
Category : Formula / Source Difference

Bharti Airtel Ltd
Sector : Communication Services
Source ROE : 14.9
Calculated ROE : 2.36
Difference : 12.54
Category : Formula / Source Difference

Bharti Airtel Ltd
Sector : Communication Services
Source ROE : 14.9
Calculated ROE : 3.14
Difference : 11.76
Category : Formula / Source Difference

Bharti Airtel Ltd
Sector : Communication Services
Source ROE : 14.9
Calculated ROE : 4.5
Difference : 10.4
Category : Formula / Source Difference

Bharti Airtel Ltd
Sector : Communication Services
Source ROE : 14.9
Calculated ROE : 5.05
Difference : 9.85
Category : Formula / Source Difference

Bharti Airtel Ltd
Sector : Communication Services
Source ROE : 14.9
Calculated ROE : 6.29
Difference : 8.61
Category : Formula / Source Difference

Bharti Airtel Ltd
Sector : Communication Services
Source ROE : 14.9
Calculated ROE : 9.83
Difference : 5.07
Category : Formula / Source Difference

Bharat Heavy Electricals Limited

Sector : Industrials
Source ROE : 1.05
Calculated ROE : -10.39
Difference : 11.44
Category : Formula / Source Difference

Bharat Heavy Electricals Limited

Sector : Industrials
Source ROE : 1.05
Calculated ROE : -5.12
Difference : 6.17
Category : Formula / Source Difference

Bharat Heavy Electricals Limited

Sector : Industrials
Source ROE : 1.05
Calculated ROE : 10.56
Difference : 9.51
Category : Formula / Source Difference

Bharat Heavy Electricals Limited

Sector : Industrials
Source ROE : 1.05
Calculated ROE : 21.91
Difference : 20.86
Category : Formula / Source Difference

Bosch Ltd
Sector : Consumer Discretionary
Source ROE : 16.0
Calculated ROE : 4.91
Difference : 11.09
Category : Formula / Source Difference

Bosch Ltd
Sector : Consumer Discretionary
Source ROE : 16.0
Calculated ROE : 7.01
Difference : 8.99
Category : Formula / Source Difference

Bharat Petroleum Corporation Ltd
Sector : Energy
Source ROE : 41.9
Calculated ROE : 3.98
Difference : 37.92
Category : Formula / Source Difference

Bharat Petroleum Corporation Ltd
Sector : Energy
Source ROE : 41.9
Calculated ROE : 10.04
Difference : 31.86
Category : Formula / Source Difference

Bharat Petroleum Corporation Ltd
Sector : Energy
Source ROE : 41.9
Calculated ROE : 11.54
Difference : 30.36
Category : Formula / Source Difference

Bharat Petroleum Corporation Ltd
Sector : Energy
Source ROE : 41.9
Calculated ROE : 20.85
Difference : 21.05
Category : Formula / Source Difference

Bharat Petroleum Corporation Ltd
Sector : Energy
Source ROE : 41.9
Calculated ROE : 22.0
Difference : 19.9
Category : Formula / Source Difference

Bharat Petroleum Corporation Ltd
Sector : Energy
Source ROE : 41.9
Calculated ROE : 22.51
Difference : 19.39
Category : Formula / Source Difference

Bharat Petroleum Corporation Ltd
Sector : Energy
Source ROE : 41.9
Calculated ROE : 22.52
Difference : 19.38
Category : Formula / Source Difference

Bharat Petroleum Corporation Ltd
Sector : Energy
Source ROE : 41.9
Calculated ROE : 26.74
Difference : 15.16
Category : Formula / Source Difference

Bharat Petroleum Corporation Ltd
Sector : Energy
Source ROE : 41.9
Calculated ROE : 29.1
Difference : 12.8
Category : Formula / Source Difference

Bharat Petroleum Corporation Ltd
Sector : Energy
Source ROE : 41.9
Calculated ROE : 30.85
Difference : 11.05
Category : Formula / Source Difference

Bharat Petroleum Corporation Ltd
Sector : Energy
Source ROE : 41.9
Calculated ROE : 32.34
Difference : 9.56
Category : Formula / Source Difference

Bharat Petroleum Corporation Ltd
Sector : Energy
Source ROE : 41.9
Calculated ROE : 34.83
Difference : 7.07
Category : Formula / Source Difference

Bharat Petroleum Corporation Ltd
Sector : Energy
Source ROE : 41.9
Calculated ROE : 35.51
Difference : 6.39
Category : Formula / Source Difference

Britannia Industries Ltd
Sector : Consumer Staples
Source ROE : 57.1
Calculated ROE : 27.16
Difference : 29.94
Category : Formula / Source Difference

Britannia Industries Ltd
Sector : Consumer Staples
Source ROE : 57.1
Calculated ROE : 29.48
Difference : 27.62
Category : Formula / Source Difference

Britannia Industries Ltd
Sector : Consumer Staples
Source ROE : 57.1
Calculated ROE : 31.66
Difference : 25.44
Category : Formula / Source Difference

Britannia Industries Ltd
Sector : Consumer Staples
Source ROE : 57.1
Calculated ROE : 32.83
Difference : 24.27
Category : Formula / Source Difference

Britannia Industries Ltd
Sector : Consumer Staples
Source ROE : 57.1
Calculated ROE : 39.44
Difference : 17.66
Category : Formula / Source Difference

Britannia Industries Ltd
Sector : Consumer Staples
Source ROE : 57.1
Calculated ROE : 46.59
Difference : 10.51
Category : Formula / Source Difference

Britannia Industries Ltd
Sector : Consumer Staples
Source ROE : 57.1
Calculated ROE : 49.5
Difference : 7.6
Category : Formula / Source Difference

Britannia Industries Ltd
Sector : Consumer Staples
Source ROE : 57.1
Calculated ROE : 65.53
Difference : 8.43
Category : Formula / Source Difference

Britannia Industries Ltd
Sector : Consumer Staples
Source ROE : 57.1
Calculated ROE : 66.48
Difference : 9.38
Category : Formula / Source Difference

Canara Bank
Sector : Financials
Source ROE : 17.9
Calculated ROE : -10.5
Difference : 28.4
Category : Financial Sector Exception

Canara Bank
Sector : Financials
Source ROE : 17.9
Calculated ROE : -7.82
Difference : 25.72
Category : Financial Sector Exception

Canara Bank
Sector : Financials
Source ROE : 17.9
Calculated ROE : -4.66
Difference : 22.56
Category : Financial Sector Exception

Canara Bank
Sector : Financials
Source ROE : 17.9
Calculated ROE : 1.85
Difference : 16.05
Category : Financial Sector Exception

Canara Bank
Sector : Financials
Source ROE : 17.9
Calculated ROE : 4.07
Difference : 13.83
Category : Financial Sector Exception

Canara Bank
Sector : Financials
Source ROE : 17.9
Calculated ROE : 4.74
Difference : 13.16
Category : Financial Sector Exception

Canara Bank
Sector : Financials
Source ROE : 17.9
Calculated ROE : 8.8
Difference : 9.1
Category : Financial Sector Exception

Canara Bank
Sector : Financials
Source ROE : 17.9
Calculated ROE : 8.85
Difference : 9.05
Category : Financial Sector Exception

Canara Bank
Sector : Financials
Source ROE : 17.9
Calculated ROE : 9.02
Difference : 8.88
Category : Financial Sector Exception

Canara Bank
Sector : Financials
Source ROE : 17.9
Calculated ROE : 11.9
Difference : 6.0
Category : Financial Sector Exception

Cholamandalam Investment & Finance Company Ltd
Sector : Financials
Source ROE : 20.2
Calculated ROE : 12.85
Difference : 7.35
Category : Financial Sector Exception

Cipla Ltd

Sector : Healthcare
Source ROE : 16.8
Calculated ROE : 8.25
Difference : 8.55
Category : Formula / Source Difference

Cipla Ltd

Sector : Healthcare
Source ROE : 16.8
Calculated ROE : 9.52
Difference : 7.28
Category : Formula / Source Difference

Cipla Ltd

Sector : Healthcare
Source ROE : 16.8
Calculated ROE : 9.94
Difference : 6.86
Category : Formula / Source Difference

Cipla Ltd

Sector : Healthcare
Source ROE : 16.8
Calculated ROE : 9.96
Difference : 6.84
Category : Formula / Source Difference

Cipla Ltd

Sector : Healthcare
Source ROE : 16.8
Calculated ROE : 11.38
Difference : 5.42
Category : Formula / Source Difference

Coal India Ltd
Sector : Materials
Source ROE : 52.0
Calculated ROE : 34.02
Difference : 17.98
Category : Formula / Source Difference

Coal India Ltd
Sector : Materials
Source ROE : 52.0
Calculated ROE : 34.78
Difference : 17.22
Category : Formula / Source Difference

Coal India Ltd
Sector : Materials
Source ROE : 52.0
Calculated ROE : 34.88
Difference : 17.12
Category : Formula / Source Difference

Coal India Ltd
Sector : Materials
Source ROE : 52.0
Calculated ROE : 35.64
Difference : 16.36
Category : Formula / Source Difference

Coal India Ltd
Sector : Materials
Source ROE : 52.0
Calculated ROE : 35.81
Difference : 16.19
Category : Formula / Source Difference

Coal India Ltd
Sector : Materials
Source ROE : 52.0
Calculated ROE : 37.85
Difference : 14.15
Category : Formula / Source Difference

Coal India Ltd
Sector : Materials
Source ROE : 52.0
Calculated ROE : 38.85
Difference : 13.15
Category : Formula / Source Difference

Coal India Ltd
Sector : Materials
Source ROE : 52.0
Calculated ROE : 40.28
Difference : 11.72
Category : Formula / Source Difference

Coal India Ltd
Sector : Materials
Source ROE : 52.0
Calculated ROE : 40.96
Difference : 11.04
Category : Formula / Source Difference

Coal India Ltd
Sector : Materials
Source ROE : 52.0
Calculated ROE : 45.17
Difference : 6.83
Category : Formula / Source Difference

Coal India Ltd
Sector : Materials
Source ROE : 52.0
Calculated ROE : 66.01
Difference : 14.01
Category : Formula / Source Difference

Dabur India Ltd
Sector : Consumer Staples
Source ROE : 19.2
Calculated ROE : 25.67
Difference : 6.47
Category : Formula / Source Difference

Dabur India Ltd
Sector : Consumer Staples
Source ROE : 19.2
Calculated ROE : 26.41
Difference : 7.21
Category : Formula / Source Difference

Dabur India Ltd
Sector : Consumer Staples
Source ROE : 19.2
Calculated ROE : 30.06
Difference : 10.86
Category : Formula / Source Difference

Dabur India Ltd
Sector : Consumer Staples
Source ROE : 19.2
Calculated ROE : 31.84
Difference : 12.64
Category : Formula / Source Difference

Dabur India Ltd
Sector : Consumer Staples
Source ROE : 19.2
Calculated ROE : 34.49
Difference : 15.29
Category : Formula / Source Difference

Dabur India Ltd
Sector : Consumer Staples
Source ROE : 19.2
Calculated ROE : 36.56
Difference : 17.36
Category : Formula / Source Difference

Divis Laboratories Ltd
Sector : Healthcare
Source ROE : 12.2
Calculated ROE : 18.84
Difference : 6.64
Category : Formula / Source Difference

Divis Laboratories Ltd
Sector : Healthcare
Source ROE : 12.2
Calculated ROE : 19.45
Difference : 7.25
Category : Formula / Source Difference

Divis Laboratories Ltd
Sector : Healthcare
Source ROE : 12.2
Calculated ROE : 19.79
Difference : 7.59
Category : Formula / Source Difference

Divis Laboratories Ltd
Sector : Healthcare
Source ROE : 12.2
Calculated ROE : 21.34
Difference : 9.14
Category : Formula / Source Difference

Divis Laboratories Ltd
Sector : Healthcare
Source ROE : 12.2
Calculated ROE : 24.07
Difference : 11.87
Category : Formula / Source Difference

Divis Laboratories Ltd
Sector : Healthcare
Source ROE : 12.2
Calculated ROE : 24.37
Difference : 12.17
Category : Formula / Source Difference

Divis Laboratories Ltd
Sector : Healthcare
Source ROE : 12.2
Calculated ROE : 25.24
Difference : 13.04
Category : Formula / Source Difference

Divis Laboratories Ltd
Sector : Healthcare
Source ROE : 12.2
Calculated ROE : 26.08
Difference : 13.88
Category : Formula / Source Difference

Divis Laboratories Ltd
Sector : Healthcare
Source ROE : 12.2
Calculated ROE : 26.23
Difference : 14.03
Category : Formula / Source Difference

DLF Ltd
Sector : Real Estate
Source ROE : 6.95
Calculated ROE : -1.71
Difference : 8.66
Category : Formula / Source Difference

DLF Ltd
Sector : Real Estate
Source ROE : 6.95
Calculated ROE : 1.27
Difference : 5.68
Category : Formula / Source Difference

DLF Ltd
Sector : Real Estate
Source ROE : 6.95
Calculated ROE : 1.85
Difference : 5.1
Category : Formula / Source Difference

DLF Ltd
Sector : Real Estate
Source ROE : 6.95
Calculated ROE : 12.68
Difference : 5.73
Category : Formula / Source Difference

Avenue Supermarts Ltd
Sector : Consumer Discretionary
Source ROE : 14.5
Calculated ROE : 9.02
Difference : 5.48
Category : Formula / Source Difference

Avenue Supermarts Ltd
Sector : Consumer Discretionary
Source ROE : 14.5
Calculated ROE : 21.04
Difference : 6.54
Category : Formula / Source Difference

Dr Reddys Laboratories Ltd
Sector : Healthcare
Source ROE : 21.4
Calculated ROE : 7.53
Difference : 13.87
Category : Formula / Source Difference

Dr Reddys Laboratories Ltd
Sector : Healthcare
Source ROE : 21.4
Calculated ROE : 10.54
Difference : 10.86
Category : Formula / Source Difference

Dr Reddys Laboratories Ltd
Sector : Healthcare
Source ROE : 21.4
Calculated ROE : 11.07
Difference : 10.33
Category : Formula / Source Difference

Dr Reddys Laboratories Ltd
Sector : Healthcare
Source ROE : 21.4
Calculated ROE : 11.36
Difference : 10.04
Category : Formula / Source Difference

Dr Reddys Laboratories Ltd
Sector : Healthcare
Source ROE : 21.4
Calculated ROE : 12.99
Difference : 8.41
Category : Formula / Source Difference

Dr Reddys Laboratories Ltd
Sector : Healthcare
Source ROE : 21.4
Calculated ROE : 13.9
Difference : 7.5
Category : Formula / Source Difference

Eicher Motors Ltd
Sector : Consumer Discretionary
Source ROE : 24.2
Calculated ROE : 11.78
Difference : 12.42
Category : Formula / Source Difference

Eicher Motors Ltd
Sector : Consumer Discretionary
Source ROE : 24.2
Calculated ROE : 13.3
Difference : 10.9
Category : Formula / Source Difference

Eicher Motors Ltd
Sector : Consumer Discretionary
Source ROE : 24.2
Calculated ROE : 18.3
Difference : 5.9
Category : Formula / Source Difference

Eicher Motors Ltd
Sector : Consumer Discretionary
Source ROE : 24.2
Calculated ROE : 31.19
Difference : 6.99
Category : Formula / Source Difference

Eicher Motors Ltd
Sector : Consumer Discretionary
Source ROE : 24.2
Calculated ROE : 36.63
Difference : 12.43
Category : Formula / Source Difference

GAIL (India) Ltd
Sector : Energy
Source ROE : 14.0
Calculated ROE : 5.15
Difference : 8.85
Category : Formula / Source Difference

GAIL (India) Ltd
Sector : Energy
Source ROE : 14.0
Calculated ROE : 8.58
Difference : 5.42
Category : Formula / Source Difference

GAIL (India) Ltd
Sector : Energy
Source ROE : 14.0
Calculated ROE : 8.62
Difference : 5.38
Category : Formula / Source Difference

GAIL (India) Ltd
Sector : Energy
Source ROE : 14.0
Calculated ROE : 19.19
Difference : 5.19
Category : Formula / Source Difference

GAIL (India) Ltd
Sector : Energy
Source ROE : 14.0
Calculated ROE : 19.31
Difference : 5.31
Category : Formula / Source Difference

Godrej Consumer Products Ltd
Sector : Consumer Staples
Source ROE : 6.77
Calculated ROE : -4.61
Difference : 11.38
Category : Formula / Source Difference

Godrej Consumer Products Ltd
Sector : Consumer Staples
Source ROE : 6.77
Calculated ROE : -4.45
Difference : 11.22
Category : Formula / Source Difference

Godrej Consumer Products Ltd
Sector : Consumer Staples
Source ROE : 6.77
Calculated ROE : 12.34
Difference : 5.57
Category : Formula / Source Difference

Godrej Consumer Products Ltd
Sector : Consumer Staples
Source ROE : 6.77
Calculated ROE : 15.43
Difference : 8.66
Category : Formula / Source Difference

Godrej Consumer Products Ltd
Sector : Consumer Staples
Source ROE : 6.77
Calculated ROE : 18.23
Difference : 11.46
Category : Formula / Source Difference

Godrej Consumer Products Ltd
Sector : Consumer Staples
Source ROE : 6.77
Calculated ROE : 18.95
Difference : 12.18
Category : Formula / Source Difference

Godrej Consumer Products Ltd
Sector : Consumer Staples
Source ROE : 6.77
Calculated ROE : 19.48
Difference : 12.71
Category : Formula / Source Difference

Godrej Consumer Products Ltd
Sector : Consumer Staples
Source ROE : 6.77
Calculated ROE : 21.7
Difference : 14.93
Category : Formula / Source Difference

Godrej Consumer Products Ltd
Sector : Consumer Staples
Source ROE : 6.77
Calculated ROE : 22.64
Difference : 15.87
Category : Formula / Source Difference

Godrej Consumer Products Ltd
Sector : Consumer Staples
Source ROE : 6.77
Calculated ROE : 24.67
Difference : 17.9
Category : Formula / Source Difference

Godrej Consumer Products Ltd
Sector : Consumer Staples
Source ROE : 6.77
Calculated ROE : 25.51
Difference : 18.74
Category : Formula / Source Difference

Godrej Consumer Products Ltd
Sector : Consumer Staples
Source ROE : 6.77
Calculated ROE : 26.11
Difference : 19.34
Category : Formula / Source Difference

Godrej Consumer Products Ltd
Sector : Consumer Staples
Source ROE : 6.77
Calculated ROE : 32.23
Difference : 25.46
Category : Formula / Source Difference

Grasim Industries Ltd
Sector : Industrials
Source ROE : 6.9
Calculated ROE : 12.6
Difference : 5.7
Category : Formula / Source Difference

Grasim Industries Ltd
Sector : Industrials
Source ROE : 6.9
Calculated ROE : 13.53
Difference : 6.63
Category : Formula / Source Difference

Grasim Industries Ltd
Sector : Industrials
Source ROE : 6.9
Calculated ROE : 13.67
Difference : 6.77
Category : Formula / Source Difference

Grasim Industries Ltd
Sector : Industrials
Source ROE : 6.9
Calculated ROE : 14.07
Difference : 7.17
Category : Formula / Source Difference

Grasim Industries Ltd
Sector : Industrials
Source ROE : 6.9
Calculated ROE : 14.8
Difference : 7.9
Category : Formula / Source Difference

Grasim Industries Ltd
Sector : Industrials
Source ROE : 6.9
Calculated ROE : 19.22
Difference : 12.32
Category : Formula / Source Difference

Hindustan Aeronautics Ltd
Sector : Industrials
Source ROE : 28.9
Calculated ROE : 1528.46
Difference : 1499.56
Category : Formula / Source Difference

Hindustan Aeronautics Ltd
Sector : Industrials
Source ROE : 28.9
Calculated ROE : 1763.91
Difference : 1735.01
Category : Formula / Source Difference

Hindustan Aeronautics Ltd
Sector : Industrials
Source ROE : 28.9
Calculated ROE : 1966.92
Difference : 1938.02
Category : Formula / Source Difference

Hindustan Aeronautics Ltd
Sector : Industrials
Source ROE : 28.9
Calculated ROE : 2059.42
Difference : 2030.52
Category : Formula / Source Difference

Hindustan Aeronautics Ltd
Sector : Industrials
Source ROE : 28.9
Calculated ROE : 2249.31
Difference : 2220.41
Category : Formula / Source Difference

Hindustan Aeronautics Ltd
Sector : Industrials
Source ROE : 28.9
Calculated ROE : 3283.05
Difference : 3254.15
Category : Formula / Source Difference

Hindustan Aeronautics Ltd
Sector : Industrials
Source ROE : 28.9
Calculated ROE : 3324.18
Difference : 3295.28
Category : Formula / Source Difference

Hindustan Aeronautics Ltd
Sector : Industrials
Source ROE : 28.9
Calculated ROE : 3669.08
Difference : 3640.18
Category : Formula / Source Difference

Hindustan Aeronautics Ltd
Sector : Industrials
Source ROE : 28.9
Calculated ROE : 3816.58
Difference : 3787.68
Category : Formula / Source Difference

Havells India Ltd
Sector : Industrials
Source ROE : 18.0
Calculated ROE : 26.77
Difference : 8.77
Category : Formula / Source Difference

Havells India Ltd
Sector : Industrials
Source ROE : 18.0
Calculated ROE : 40.29
Difference : 22.29
Category : Formula / Source Difference

Havells India Ltd
Sector : Industrials
Source ROE : 18.0
Calculated ROE : 42.95
Difference : 24.95
Category : Formula / Source Difference

HCL Technologies Ltd
Sector : Information Technology
Source ROE : 23.3
Calculated ROE : 30.31
Difference : 7.01
Category : Formula / Source Difference

HCL Technologies Ltd
Sector : Information Technology
Source ROE : 23.3
Calculated ROE : 30.69
Difference : 7.39
Category : Formula / Source Difference

HCL Technologies Ltd
Sector : Information Technology
Source ROE : 23.3
Calculated ROE : 33.39
Difference : 10.09
Category : Formula / Source Difference

HDFC Life Insurance Company Ltd
Sector : Financials
Source ROE : 11.4
Calculated ROE : 19.05
Difference : 7.65
Category : Financial Sector Exception

HDFC Life Insurance Company Ltd
Sector : Financials
Source ROE : 11.4
Calculated ROE : 22.65
Difference : 11.25
Category : Financial Sector Exception

HDFC Life Insurance Company Ltd
Sector : Financials
Source ROE : 11.4
Calculated ROE : 23.18
Difference : 11.78
Category : Financial Sector Exception

HDFC Life Insurance Company Ltd
Sector : Financials
Source ROE : 11.4
Calculated ROE : 23.53
Difference : 12.13
Category : Financial Sector Exception

HDFC Life Insurance Company Ltd
Sector : Financials
Source ROE : 11.4
Calculated ROE : 26.33
Difference : 14.93
Category : Financial Sector Exception

HDFC Life Insurance Company Ltd
Sector : Financials
Source ROE : 11.4
Calculated ROE : 30.93
Difference : 19.53
Category : Financial Sector Exception

HDFC Life Insurance Company Ltd
Sector : Financials
Source ROE : 11.4
Calculated ROE : 33.43
Difference : 22.03
Category : Financial Sector Exception

HDFC Life Insurance Company Ltd
Sector : Financials
Source ROE : 11.4
Calculated ROE : 37.6
Difference : 26.2
Category : Financial Sector Exception

Hero MotoCorp Ltd

Sector : Consumer Discretionary
Source ROE : 22.0
Calculated ROE : 14.7
Difference : 7.3
Category : Formula / Source Difference

Hero MotoCorp Ltd

Sector : Consumer Discretionary
Source ROE : 22.0
Calculated ROE : 16.81
Difference : 5.19
Category : Formula / Source Difference

Hero MotoCorp Ltd

Sector : Consumer Discretionary
Source ROE : 22.0
Calculated ROE : 31.09
Difference : 9.09
Category : Formula / Source Difference

Hero MotoCorp Ltd

Sector : Consumer Discretionary
Source ROE : 22.0
Calculated ROE : 34.37
Difference : 12.37
Category : Formula / Source Difference

Hero MotoCorp Ltd

Sector : Consumer Discretionary
Source ROE : 22.0
Calculated ROE : 35.23
Difference : 13.23
Category : Formula / Source Difference

Hero MotoCorp Ltd

Sector : Consumer Discretionary
Source ROE : 22.0
Calculated ROE : 36.15
Difference : 14.15
Category : Formula / Source Difference

Hero MotoCorp Ltd

Sector : Consumer Discretionary
Source ROE : 22.0
Calculated ROE : 37.38
Difference : 15.38
Category : Formula / Source Difference

Hindalco Industries Ltd
Sector : Materials
Source ROE : 10.2
Calculated ROE : -1.73
Difference : 11.93
Category : Formula / Source Difference

Hindalco Industries Ltd
Sector : Materials
Source ROE : 10.2
Calculated ROE : 0.68
Difference : 9.52
Category : Formula / Source Difference

Hindalco Industries Ltd
Sector : Materials
Source ROE : 10.2
Calculated ROE : 4.09
Difference : 6.11
Category : Formula / Source Difference

Hindalco Industries Ltd
Sector : Materials
Source ROE : 10.2
Calculated ROE : 17.56
Difference : 7.36
Category : Formula / Source Difference

Hindustan Unilever Ltd

Sector : Consumer Staples
Source ROE : 20.2
Calculated ROE : 63.15
Difference : 42.95
Category : Formula / Source Difference

Hindustan Unilever Ltd

Sector : Consumer Staples
Source ROE : 20.2
Calculated ROE : 66.58
Difference : 46.38
Category : Formula / Source Difference

Hindustan Unilever Ltd

Sector : Consumer Staples
Source ROE : 20.2
Calculated ROE : 71.79
Difference : 51.59
Category : Formula / Source Difference

Hindustan Unilever Ltd

Sector : Consumer Staples
Source ROE : 20.2
Calculated ROE : 77.03
Difference : 56.83
Category : Formula / Source Difference

Hindustan Unilever Ltd

Sector : Consumer Staples
Source ROE : 20.2
Calculated ROE : 82.1
Difference : 61.9
Category : Formula / Source Difference

Hindustan Unilever Ltd

Sector : Consumer Staples
Source ROE : 20.2
Calculated ROE : 108.67
Difference : 88.47
Category : Formula / Source Difference

Hindustan Unilever Ltd

Sector : Consumer Staples
Source ROE : 20.2
Calculated ROE : 111.85
Difference : 91.65
Category : Formula / Source Difference

Hindustan Unilever Ltd

Sector : Consumer Staples
Source ROE : 20.2
Calculated ROE : 134.0
Difference : 113.8
Category : Formula / Source Difference

ICICI Bank Ltd
Sector : Financials
Source ROE : 18.8
Calculated ROE : 4.98
Difference : 13.82
Category : Financial Sector Exception

ICICI Bank Ltd
Sector : Financials
Source ROE : 18.8
Calculated ROE : 8.23
Difference : 10.57
Category : Financial Sector Exception

ICICI Bank Ltd
Sector : Financials
Source ROE : 18.8
Calculated ROE : 9.13
Difference : 9.67
Category : Financial Sector Exception

ICICI Bank Ltd
Sector : Financials
Source ROE : 18.8
Calculated ROE : 10.84
Difference : 7.96
Category : Financial Sector Exception

ICICI Bank Ltd
Sector : Financials
Source ROE : 18.8
Calculated ROE : 11.61
Difference : 7.19
Category : Financial Sector Exception

ICICI Bank Ltd
Sector : Financials
Source ROE : 18.8
Calculated ROE : 12.92
Difference : 5.88
Category : Financial Sector Exception

ICICI Prudential Life Insurance Company Ltd
Sector : Financials
Source ROE : 8.07
Calculated ROE : 14.79
Difference : 6.72
Category : Financial Sector Exception

ICICI Prudential Life Insurance Company Ltd
Sector : Financials
Source ROE : 8.07
Calculated ROE : 16.58
Difference : 8.51
Category : Financial Sector Exception

ICICI Prudential Life Insurance Company Ltd
Sector : Financials
Source ROE : 8.07
Calculated ROE : 24.63
Difference : 16.56
Category : Financial Sector Exception

ICICI Prudential Life Insurance Company Ltd
Sector : Financials
Source ROE : 8.07
Calculated ROE : 26.26
Difference : 18.19
Category : Financial Sector Exception

ICICI Prudential Life Insurance Company Ltd
Sector : Financials
Source ROE : 8.07
Calculated ROE : 31.0
Difference : 22.93
Category : Financial Sector Exception

ICICI Prudential Life Insurance Company Ltd
Sector : Financials
Source ROE : 8.07
Calculated ROE : 31.15
Difference : 23.08
Category : Financial Sector Exception

ICICI Prudential Life Insurance Company Ltd
Sector : Financials
Source ROE : 8.07
Calculated ROE : 35.61
Difference : 27.54
Category : Financial Sector Exception

ICICI Prudential Life Insurance Company Ltd
Sector : Financials
Source ROE : 8.07
Calculated ROE : 38.25
Difference : 30.18
Category : Financial Sector Exception

IndusInd Bank Ltd
Sector : Financials
Source ROE : 15.2
Calculated ROE : 6.54
Difference : 8.66
Category : Financial Sector Exception

IndusInd Bank Ltd
Sector : Financials
Source ROE : 15.2
Calculated ROE : 9.67
Difference : 5.53
Category : Financial Sector Exception

Infosys Ltd
Sector : Information Technology
Source ROE : 31.8
Calculated ROE : 20.81
Difference : 10.99
Category : Formula / Source Difference

Infosys Ltd
Sector : Information Technology
Source ROE : 31.8
Calculated ROE : 21.85
Difference : 9.95
Category : Formula / Source Difference

Infosys Ltd
Sector : Information Technology
Source ROE : 31.8
Calculated ROE : 23.73
Difference : 8.07
Category : Formula / Source Difference

Infosys Ltd
Sector : Information Technology
Source ROE : 31.8
Calculated ROE : 23.93
Difference : 7.87
Category : Formula / Source Difference

Infosys Ltd
Sector : Information Technology
Source ROE : 31.8
Calculated ROE : 24.39
Difference : 7.41
Category : Formula / Source Difference

Infosys Ltd
Sector : Information Technology
Source ROE : 31.8
Calculated ROE : 24.69
Difference : 7.11
Category : Formula / Source Difference

Infosys Ltd
Sector : Information Technology
Source ROE : 31.8
Calculated ROE : 24.82
Difference : 6.98
Category : Formula / Source Difference

Infosys Ltd
Sector : Information Technology
Source ROE : 31.8
Calculated ROE : 25.42
Difference : 6.38
Category : Formula / Source Difference

Infosys Ltd
Sector : Information Technology
Source ROE : 31.8
Calculated ROE : 25.44
Difference : 6.36
Category : Formula / Source Difference

Indian Oil Corporation

Sector : Energy
Source ROE : 25.44
Calculated ROE : -1.97
Difference : 27.41
Category : Formula / Source Difference

Indian Oil Corporation

Sector : Energy
Source ROE : 25.44
Calculated ROE : 5.75
Difference : 19.69
Category : Formula / Source Difference

Indian Oil Corporation

Sector : Energy
Source ROE : 25.44
Calculated ROE : 7.08
Difference : 18.36
Category : Formula / Source Difference

Indian Oil Corporation

Sector : Energy
Source ROE : 25.44
Calculated ROE : 8.38
Difference : 17.06
Category : Formula / Source Difference

Indian Oil Corporation

Sector : Energy
Source ROE : 25.44
Calculated ROE : 10.26
Difference : 15.18
Category : Formula / Source Difference

Indian Oil Corporation

Sector : Energy
Source ROE : 25.44
Calculated ROE : 13.8
Difference : 11.64
Category : Formula / Source Difference

Indian Oil Corporation

Sector : Energy
Source ROE : 25.44
Calculated ROE : 15.36
Difference : 10.08
Category : Formula / Source Difference

Indian Oil Corporation

Sector : Energy
Source ROE : 25.44
Calculated ROE : 19.27
Difference : 6.17
Category : Formula / Source Difference

Indian Oil Corporation

Sector : Energy
Source ROE : 25.44
Calculated ROE : 19.46
Difference : 5.98
Category : Formula / Source Difference

Indian Oil Corporation

Sector : Energy
Source ROE : 25.44
Calculated ROE : 19.87
Difference : 5.57
Category : Formula / Source Difference

Indian Oil Corporation

Sector : Energy
Source ROE : 25.44
Calculated ROE : 19.97
Difference : 5.47
Category : Formula / Source Difference

Indian Railway Catering & Tourism Corporation Ltd
Sector : Consumer Discretionary
Source ROE : 40.4
Calculated ROE : 12.84
Difference : 27.56
Category : Formula / Source Difference

Indian Railway Catering & Tourism Corporation Ltd
Sector : Consumer Discretionary
Source ROE : 40.4
Calculated ROE : 23.14
Difference : 17.26
Category : Formula / Source Difference

Indian Railway Catering & Tourism Corporation Ltd
Sector : Consumer Discretionary
Source ROE : 40.4
Calculated ROE : 28.85
Difference : 11.55
Category : Formula / Source Difference

Indian Railway Catering & Tourism Corporation Ltd
Sector : Consumer Discretionary
Source ROE : 40.4
Calculated ROE : 29.1
Difference : 11.3
Category : Formula / Source Difference

Indian Railway Catering & Tourism Corporation Ltd
Sector : Consumer Discretionary
Source ROE : 40.4
Calculated ROE : 29.5
Difference : 10.9
Category : Formula / Source Difference

Indian Railway Catering & Tourism Corporation Ltd
Sector : Consumer Discretionary
Source ROE : 40.4
Calculated ROE : 31.54
Difference : 8.86
Category : Formula / Source Difference

Indian Railway Catering & Tourism Corporation Ltd
Sector : Consumer Discretionary
Source ROE : 40.4
Calculated ROE : 34.4
Difference : 6.0
Category : Formula / Source Difference

Indian Railway Catering & Tourism Corporation Ltd
Sector : Consumer Discretionary
Source ROE : 40.4
Calculated ROE : 34.87
Difference : 5.53
Category : Formula / Source Difference

Indian Railway Catering & Tourism Corporation Ltd
Sector : Consumer Discretionary
Source ROE : 40.4
Calculated ROE : 35.29
Difference : 5.11
Category : Formula / Source Difference

Indian Railway Finance Corporation Ltd
Sector : Financials
Source ROE : 13.7
Calculated ROE : 7.37
Difference : 6.33
Category : Financial Sector Exception

Indian Railway Finance Corporation Ltd
Sector : Financials
Source ROE : 13.7
Calculated ROE : 7.78
Difference : 5.92
Category : Financial Sector Exception

ITC Ltd

Sector : Consumer Staples
Source ROE : 29.47
Calculated ROE : 21.7
Difference : 7.77
Category : Formula / Source Difference

ITC Ltd

Sector : Consumer Staples
Source ROE : 29.47
Calculated ROE : 21.89
Difference : 7.58
Category : Formula / Source Difference

ITC Ltd

Sector : Consumer Staples
Source ROE : 29.47
Calculated ROE : 22.18
Difference : 7.29
Category : Formula / Source Difference

ITC Ltd

Sector : Consumer Staples
Source ROE : 29.47
Calculated ROE : 22.26
Difference : 7.21
Category : Formula / Source Difference

ITC Ltd

Sector : Consumer Staples
Source ROE : 29.47
Calculated ROE : 22.57
Difference : 6.9
Category : Formula / Source Difference

ITC Ltd

Sector : Consumer Staples
Source ROE : 29.47
Calculated ROE : 23.89
Difference : 5.58
Category : Formula / Source Difference

Jindal Steel & Power Ltd
Sector : Materials
Source ROE : 14.1
Calculated ROE : -9.52
Difference : 23.62
Category : Formula / Source Difference

Jindal Steel & Power Ltd
Sector : Materials
Source ROE : 14.1
Calculated ROE : -8.45
Difference : 22.55
Category : Formula / Source Difference

Jindal Steel & Power Ltd
Sector : Materials
Source ROE : 14.1
Calculated ROE : -7.52
Difference : 21.62
Category : Formula / Source Difference

Jindal Steel & Power Ltd
Sector : Materials
Source ROE : 14.1
Calculated ROE : -6.9
Difference : 21.0
Category : Formula / Source Difference

Jindal Steel & Power Ltd
Sector : Materials
Source ROE : 14.1
Calculated ROE : -5.32
Difference : 19.42
Category : Formula / Source Difference

Jindal Steel & Power Ltd
Sector : Materials
Source ROE : 14.1
Calculated ROE : -1.24
Difference : 15.34
Category : Formula / Source Difference

Jindal Steel & Power Ltd
Sector : Materials
Source ROE : 14.1
Calculated ROE : 8.39
Difference : 5.71
Category : Formula / Source Difference

JSW Energy Ltd
Sector : Energy
Source ROE : 8.4
Calculated ROE : 0.77
Difference : 7.63
Category : Formula / Source Difference

JSW Energy Ltd
Sector : Energy
Source ROE : 8.4
Calculated ROE : 14.52
Difference : 6.12
Category : Formula / Source Difference

JSW Energy Ltd
Sector : Energy
Source ROE : 8.4
Calculated ROE : 15.05
Difference : 6.65
Category : Formula / Source Difference

JSW Energy Ltd
Sector : Energy
Source ROE : 8.4
Calculated ROE : 18.06
Difference : 9.66
Category : Formula / Source Difference

JSW Steel Ltd
Sector : Materials
Source ROE : 11.66
Calculated ROE : -2.54
Difference : 14.2
Category : Formula / Source Difference

JSW Steel Ltd
Sector : Materials
Source ROE : 11.66
Calculated ROE : 1.9
Difference : 9.76
Category : Formula / Source Difference

JSW Steel Ltd
Sector : Materials
Source ROE : 11.66
Calculated ROE : 5.44
Difference : 6.22
Category : Formula / Source Difference

JSW Steel Ltd
Sector : Materials
Source ROE : 11.66
Calculated ROE : 6.3
Difference : 5.36
Category : Formula / Source Difference

JSW Steel Ltd
Sector : Materials
Source ROE : 11.66
Calculated ROE : 16.84
Difference : 5.18
Category : Formula / Source Difference

JSW Steel Ltd
Sector : Materials
Source ROE : 11.66
Calculated ROE : 21.62
Difference : 9.96
Category : Formula / Source Difference

JSW Steel Ltd
Sector : Materials
Source ROE : 11.66
Calculated ROE : 21.83
Difference : 10.17
Category : Formula / Source Difference

JSW Steel Ltd
Sector : Materials
Source ROE : 11.66
Calculated ROE : 31.11
Difference : 19.45
Category : Formula / Source Difference

Life Insurance Corporation of India
Sector : Financials
Source ROE : 63.61
Calculated ROE : 36.38
Difference : 27.23
Category : Financial Sector Exception

Life Insurance Corporation of India
Sector : Financials
Source ROE : 63.61
Calculated ROE : 41.91
Difference : 21.7
Category : Financial Sector Exception

Life Insurance Corporation of India
Sector : Financials
Source ROE : 63.61
Calculated ROE : 43.2
Difference : 20.41
Category : Financial Sector Exception

Life Insurance Corporation of India
Sector : Financials
Source ROE : 63.61
Calculated ROE : 49.45
Difference : 14.16
Category : Financial Sector Exception

Life Insurance Corporation of India
Sector : Financials
Source ROE : 63.61
Calculated ROE : 77.86
Difference : 14.25
Category : Financial Sector Exception

Life Insurance Corporation of India
Sector : Financials
Source ROE : 63.61
Calculated ROE : 270.46
Difference : 206.85
Category : Financial Sector Exception

Life Insurance Corporation of India
Sector : Financials
Source ROE : 63.61
Calculated ROE : 324.32
Difference : 260.71
Category : Financial Sector Exception

Macrotech Developers Ltd
Sector : Real Estate
Source ROE : 10.7
Calculated ROE : 1.04
Difference : 9.66
Category : Formula / Source Difference

Macrotech Developers Ltd
Sector : Real Estate
Source ROE : 10.7
Calculated ROE : 3.87
Difference : 6.83
Category : Formula / Source Difference

Macrotech Developers Ltd
Sector : Real Estate
Source ROE : 10.7
Calculated ROE : 16.3
Difference : 5.6
Category : Formula / Source Difference

Macrotech Developers Ltd
Sector : Real Estate
Source ROE : 10.7
Calculated ROE : 17.69
Difference : 6.99
Category : Formula / Source Difference

Macrotech Developers Ltd
Sector : Real Estate
Source ROE : 10.7
Calculated ROE : 42.8
Difference : 32.1
Category : Formula / Source Difference

Larsen & Toubro Ltd
Sector : Industrials
Source ROE : 10.49
Calculated ROE : 72.92
Difference : 62.43
Category : Formula / Source Difference

Larsen & Toubro Ltd
Sector : Industrials
Source ROE : 10.49
Calculated ROE : 73.77
Difference : 63.28
Category : Formula / Source Difference

Larsen & Toubro Ltd
Sector : Industrials
Source ROE : 10.49
Calculated ROE : 75.52
Difference : 65.03
Category : Formula / Source Difference

Larsen & Toubro Ltd
Sector : Industrials
Source ROE : 10.49
Calculated ROE : 77.67
Difference : 67.18
Category : Formula / Source Difference

Larsen & Toubro Ltd
Sector : Industrials
Source ROE : 10.49
Calculated ROE : 176.9
Difference : 166.41
Category : Formula / Source Difference

Larsen & Toubro Ltd
Sector : Industrials
Source ROE : 10.49
Calculated ROE : 201.59
Difference : 191.1
Category : Formula / Source Difference

Larsen & Toubro Ltd
Sector : Industrials
Source ROE : 10.49
Calculated ROE : 206.3
Difference : 195.81
Category : Formula / Source Difference

Larsen & Toubro Ltd
Sector : Industrials
Source ROE : 10.49
Calculated ROE : 207.36
Difference : 196.87
Category : Formula / Source Difference

Larsen & Toubro Ltd
Sector : Industrials
Source ROE : 10.49
Calculated ROE : 208.81
Difference : 198.32
Category : Formula / Source Difference

Larsen & Toubro Ltd
Sector : Industrials
Source ROE : 10.49
Calculated ROE : 216.09
Difference : 205.6
Category : Formula / Source Difference

Larsen & Toubro Ltd
Sector : Industrials
Source ROE : 10.49
Calculated ROE : 245.11
Difference : 234.62
Category : Formula / Source Difference

Larsen & Toubro Ltd
Sector : Industrials
Source ROE : 10.49
Calculated ROE : 303.42
Difference : 292.93
Category : Formula / Source Difference

Larsen & Toubro Ltd
Sector : Industrials
Source ROE : 10.49
Calculated ROE : 395.15
Difference : 384.66
Category : Formula / Source Difference

LTIMindtree Ltd
Sector : Information Technology
Source ROE : 26.04
Calculated ROE : 37.96
Difference : 11.92
Category : Formula / Source Difference

LTIMindtree Ltd
Sector : Information Technology
Source ROE : 26.04
Calculated ROE : 39.34
Difference : 13.3
Category : Formula / Source Difference

LTIMindtree Ltd
Sector : Information Technology
Source ROE : 26.04
Calculated ROE : 41.97
Difference : 15.93
Category : Formula / Source Difference

LTIMindtree Ltd
Sector : Information Technology
Source ROE : 26.04
Calculated ROE : 61.86
Difference : 35.82
Category : Formula / Source Difference

Mahindra & Mahindra Ltd

Sector : Consumer Discretionary
Source ROE : 17.99
Calculated ROE : -0.8
Difference : 18.79
Category : Formula / Source Difference

Mahindra & Mahindra Ltd

Sector : Consumer Discretionary
Source ROE : 17.99
Calculated ROE : 3.64
Difference : 14.35
Category : Formula / Source Difference

Maruti Suzuki India Ltd
Sector : Consumer Discretionary
Source ROE : 15.75
Calculated ROE : 7.01
Difference : 8.74
Category : Formula / Source Difference

Maruti Suzuki India Ltd
Sector : Consumer Discretionary
Source ROE : 15.75
Calculated ROE : 8.36
Difference : 7.39
Category : Formula / Source Difference

Samvardhana Motherson International Ltd
Sector : Consumer Discretionary
Source ROE : 11.8
Calculated ROE : 5.74
Difference : 6.06
Category : Formula / Source Difference

Samvardhana Motherson International Ltd
Sector : Consumer Discretionary
Source ROE : 11.8
Calculated ROE : 19.14
Difference : 7.34
Category : Formula / Source Difference

Samvardhana Motherson International Ltd
Sector : Consumer Discretionary
Source ROE : 11.8
Calculated ROE : 19.75
Difference : 7.95
Category : Formula / Source Difference

Samvardhana Motherson International Ltd
Sector : Consumer Discretionary
Source ROE : 11.8
Calculated ROE : 22.87
Difference : 11.07
Category : Formula / Source Difference

Samvardhana Motherson International Ltd
Sector : Consumer Discretionary
Source ROE : 11.8
Calculated ROE : 26.26
Difference : 14.46
Category : Formula / Source Difference

Samvardhana Motherson International Ltd
Sector : Consumer Discretionary
Source ROE : 11.8
Calculated ROE : 37.07
Difference : 25.27
Category : Formula / Source Difference

Samvardhana Motherson International Ltd
Sector : Consumer Discretionary
Source ROE : 11.8
Calculated ROE : 38.87
Difference : 27.07
Category : Formula / Source Difference

Samvardhana Motherson International Ltd
Sector : Consumer Discretionary
Source ROE : 11.8
Calculated ROE : 40.35
Difference : 28.55
Category : Formula / Source Difference

Info Edge (India) Ltd
Sector : Communication Services
Source ROE : 2.44
Calculated ROE : -11.21
Difference : 13.65
Category : Formula / Source Difference

Info Edge (India) Ltd
Sector : Communication Services
Source ROE : 2.44
Calculated ROE : -2.7
Difference : 5.14
Category : Formula / Source Difference

Info Edge (India) Ltd
Sector : Communication Services
Source ROE : 2.44
Calculated ROE : 7.65
Difference : 5.21
Category : Formula / Source Difference

Info Edge (India) Ltd
Sector : Communication Services
Source ROE : 2.44
Calculated ROE : 8.93
Difference : 6.49
Category : Formula / Source Difference

Info Edge (India) Ltd
Sector : Communication Services
Source ROE : 2.44
Calculated ROE : 12.5
Difference : 10.06
Category : Formula / Source Difference

Info Edge (India) Ltd
Sector : Communication Services
Source ROE : 2.44
Calculated ROE : 23.28
Difference : 20.84
Category : Formula / Source Difference

Info Edge (India) Ltd
Sector : Communication Services
Source ROE : 2.44
Calculated ROE : 24.5
Difference : 22.06
Category : Formula / Source Difference

Info Edge (India) Ltd
Sector : Communication Services
Source ROE : 2.44
Calculated ROE : 26.28
Difference : 23.84
Category : Formula / Source Difference

Info Edge (India) Ltd
Sector : Communication Services
Source ROE : 2.44
Calculated ROE : 74.71
Difference : 72.27
Category : Formula / Source Difference

Nestle India Ltd
Sector : Consumer Staples
Source ROE : 135.61
Calculated ROE : 19.99
Difference : 115.62
Category : Formula / Source Difference

Nestle India Ltd
Sector : Consumer Staples
Source ROE : 135.61
Calculated ROE : 30.5
Difference : 105.11
Category : Formula / Source Difference

Nestle India Ltd
Sector : Consumer Staples
Source ROE : 135.61
Calculated ROE : 35.82
Difference : 99.79
Category : Formula / Source Difference

Nestle India Ltd
Sector : Consumer Staples
Source ROE : 135.61
Calculated ROE : 41.77
Difference : 93.84
Category : Formula / Source Difference

Nestle India Ltd
Sector : Consumer Staples
Source ROE : 135.61
Calculated ROE : 43.75
Difference : 91.86
Category : Formula / Source Difference

Nestle India Ltd
Sector : Consumer Staples
Source ROE : 135.61
Calculated ROE : 47.17
Difference : 88.44
Category : Formula / Source Difference

Nestle India Ltd
Sector : Consumer Staples
Source ROE : 135.61
Calculated ROE : 97.23
Difference : 38.38
Category : Formula / Source Difference

Nestle India Ltd
Sector : Consumer Staples
Source ROE : 135.61
Calculated ROE : 98.57
Difference : 37.04
Category : Formula / Source Difference

Nestle India Ltd
Sector : Consumer Staples
Source ROE : 135.61
Calculated ROE : 102.61
Difference : 33.0
Category : Formula / Source Difference

Nestle India Ltd
Sector : Consumer Staples
Source ROE : 135.61
Calculated ROE : 103.12
Difference : 32.49
Category : Formula / Source Difference

Nestle India Ltd
Sector : Consumer Staples
Source ROE : 135.61
Calculated ROE : 108.84
Difference : 26.77
Category : Formula / Source Difference

Nestle India Ltd
Sector : Consumer Staples
Source ROE : 135.61
Calculated ROE : 117.75
Difference : 17.86
Category : Formula / Source Difference

Nestle India Ltd
Sector : Consumer Staples
Source ROE : 135.61
Calculated ROE : 121.96
Difference : 13.65
Category : Formula / Source Difference

Oil & Natural Gas Corpn Ltd
Sector : Energy
Source ROE : 14.32
Calculated ROE : 5.59
Difference : 8.73
Category : Formula / Source Difference

Oil & Natural Gas Corpn Ltd
Sector : Energy
Source ROE : 14.32
Calculated ROE : 6.62
Difference : 7.7
Category : Formula / Source Difference

Power Finance Corporation Ltd
Sector : Financials
Source ROE : 19.49
Calculated ROE : 6.07
Difference : 13.42
Category : Financial Sector Exception

Power Finance Corporation Ltd
Sector : Financials
Source ROE : 19.49
Calculated ROE : 25.17
Difference : 5.68
Category : Financial Sector Exception

Power Finance Corporation Ltd
Sector : Financials
Source ROE : 19.49
Calculated ROE : 25.86
Difference : 6.37
Category : Financial Sector Exception

Power Finance Corporation Ltd
Sector : Financials
Source ROE : 19.49
Calculated ROE : 26.16
Difference : 6.67
Category : Financial Sector Exception

Power Finance Corporation Ltd
Sector : Financials
Source ROE : 19.49
Calculated ROE : 26.18
Difference : 6.69
Category : Financial Sector Exception

Power Finance Corporation Ltd
Sector : Financials
Source ROE : 19.49
Calculated ROE : 26.82
Difference : 7.33
Category : Financial Sector Exception

Pidilite Industries Ltd
Sector : Materials
Source ROE : 22.8
Calculated ROE : 30.59
Difference : 7.79
Category : Formula / Source Difference

Punjab National Bank
Sector : Financials
Source ROE : 8.7
Calculated ROE : -184.37
Difference : 193.07
Category : Financial Sector Exception

Punjab National Bank
Sector : Financials
Source ROE : 8.7
Calculated ROE : -184.37
Difference : 193.07
Category : Financial Sector Exception

Punjab National Bank
Sector : Financials
Source ROE : 8.7
Calculated ROE : -184.37
Difference : 193.07
Category : Financial Sector Exception

Punjab National Bank
Sector : Financials
Source ROE : 8.7
Calculated ROE : -184.37
Difference : 193.07
Category : Financial Sector Exception

Punjab National Bank
Sector : Financials
Source ROE : 8.7
Calculated ROE : -184.37
Difference : 193.07
Category : Financial Sector Exception

Punjab National Bank
Sector : Financials
Source ROE : 8.7
Calculated ROE : -163.56
Difference : 172.26
Category : Financial Sector Exception

Punjab National Bank
Sector : Financials
Source ROE : 8.7
Calculated ROE : -163.56
Difference : 172.26
Category : Financial Sector Exception

Punjab National Bank
Sector : Financials
Source ROE : 8.7
Calculated ROE : -163.56
Difference : 172.26
Category : Financial Sector Exception

Punjab National Bank
Sector : Financials
Source ROE : 8.7
Calculated ROE : -163.56
Difference : 172.26
Category : Financial Sector Exception

Punjab National Bank
Sector : Financials
Source ROE : 8.7
Calculated ROE : -163.56
Difference : 172.26
Category : Financial Sector Exception

Punjab National Bank
Sector : Financials
Source ROE : 8.7
Calculated ROE : -128.45
Difference : 137.15
Category : Financial Sector Exception

Punjab National Bank
Sector : Financials
Source ROE : 8.7
Calculated ROE : -128.45
Difference : 137.15
Category : Financial Sector Exception

Punjab National Bank
Sector : Financials
Source ROE : 8.7
Calculated ROE : -128.45
Difference : 137.15
Category : Financial Sector Exception

Punjab National Bank
Sector : Financials
Source ROE : 8.7
Calculated ROE : -128.45
Difference : 137.15
Category : Financial Sector Exception

Punjab National Bank
Sector : Financials
Source ROE : 8.7
Calculated ROE : -128.45
Difference : 137.15
Category : Financial Sector Exception

Punjab National Bank
Sector : Financials
Source ROE : 8.7
Calculated ROE : 22.21
Difference : 13.51
Category : Financial Sector Exception

Punjab National Bank
Sector : Financials
Source ROE : 8.7
Calculated ROE : 22.21
Difference : 13.51
Category : Financial Sector Exception

Punjab National Bank
Sector : Financials
Source ROE : 8.7
Calculated ROE : 22.21
Difference : 13.51
Category : Financial Sector Exception

Punjab National Bank
Sector : Financials
Source ROE : 8.7
Calculated ROE : 22.21
Difference : 13.51
Category : Financial Sector Exception

Punjab National Bank
Sector : Financials
Source ROE : 8.7
Calculated ROE : 22.21
Difference : 13.51
Category : Financial Sector Exception

Punjab National Bank
Sector : Financials
Source ROE : 8.7
Calculated ROE : 30.39
Difference : 21.69
Category : Financial Sector Exception

Punjab National Bank
Sector : Financials
Source ROE : 8.7
Calculated ROE : 30.39
Difference : 21.69
Category : Financial Sector Exception

Punjab National Bank
Sector : Financials
Source ROE : 8.7
Calculated ROE : 30.39
Difference : 21.69
Category : Financial Sector Exception

Punjab National Bank
Sector : Financials
Source ROE : 8.7
Calculated ROE : 30.39
Difference : 21.69
Category : Financial Sector Exception

Punjab National Bank
Sector : Financials
Source ROE : 8.7
Calculated ROE : 30.39
Difference : 21.69
Category : Financial Sector Exception

Punjab National Bank
Sector : Financials
Source ROE : 8.7
Calculated ROE : 30.67
Difference : 21.97
Category : Financial Sector Exception

Punjab National Bank
Sector : Financials
Source ROE : 8.7
Calculated ROE : 30.67
Difference : 21.97
Category : Financial Sector Exception

Punjab National Bank
Sector : Financials
Source ROE : 8.7
Calculated ROE : 30.67
Difference : 21.97
Category : Financial Sector Exception

Punjab National Bank
Sector : Financials
Source ROE : 8.7
Calculated ROE : 30.67
Difference : 21.97
Category : Financial Sector Exception

Punjab National Bank
Sector : Financials
Source ROE : 8.7
Calculated ROE : 30.67
Difference : 21.97
Category : Financial Sector Exception

Punjab National Bank
Sector : Financials
Source ROE : 8.7
Calculated ROE : 39.87
Difference : 31.17
Category : Financial Sector Exception

Punjab National Bank
Sector : Financials
Source ROE : 8.7
Calculated ROE : 39.87
Difference : 31.17
Category : Financial Sector Exception

Punjab National Bank
Sector : Financials
Source ROE : 8.7
Calculated ROE : 39.87
Difference : 31.17
Category : Financial Sector Exception

Punjab National Bank
Sector : Financials
Source ROE : 8.7
Calculated ROE : 39.87
Difference : 31.17
Category : Financial Sector Exception

Punjab National Bank
Sector : Financials
Source ROE : 8.7
Calculated ROE : 39.87
Difference : 31.17
Category : Financial Sector Exception

Punjab National Bank
Sector : Financials
Source ROE : 8.7
Calculated ROE : 61.32
Difference : 52.62
Category : Financial Sector Exception

Punjab National Bank
Sector : Financials
Source ROE : 8.7
Calculated ROE : 61.32
Difference : 52.62
Category : Financial Sector Exception

Punjab National Bank
Sector : Financials
Source ROE : 8.7
Calculated ROE : 61.32
Difference : 52.62
Category : Financial Sector Exception

Punjab National Bank
Sector : Financials
Source ROE : 8.7
Calculated ROE : 61.32
Difference : 52.62
Category : Financial Sector Exception

Punjab National Bank
Sector : Financials
Source ROE : 8.7
Calculated ROE : 61.32
Difference : 52.62
Category : Financial Sector Exception

Punjab National Bank
Sector : Financials
Source ROE : 8.7
Calculated ROE : 223.24
Difference : 214.54
Category : Financial Sector Exception

Punjab National Bank
Sector : Financials
Source ROE : 8.7
Calculated ROE : 223.24
Difference : 214.54
Category : Financial Sector Exception

Punjab National Bank
Sector : Financials
Source ROE : 8.7
Calculated ROE : 223.24
Difference : 214.54
Category : Financial Sector Exception

Punjab National Bank
Sector : Financials
Source ROE : 8.7
Calculated ROE : 223.24
Difference : 214.54
Category : Financial Sector Exception

Punjab National Bank
Sector : Financials
Source ROE : 8.7
Calculated ROE : 223.24
Difference : 214.54
Category : Financial Sector Exception

Punjab National Bank
Sector : Financials
Source ROE : 8.7
Calculated ROE : 393.36
Difference : 384.66
Category : Financial Sector Exception

Punjab National Bank
Sector : Financials
Source ROE : 8.7
Calculated ROE : 393.36
Difference : 384.66
Category : Financial Sector Exception

Punjab National Bank
Sector : Financials
Source ROE : 8.7
Calculated ROE : 393.36
Difference : 384.66
Category : Financial Sector Exception

Punjab National Bank
Sector : Financials
Source ROE : 8.7
Calculated ROE : 393.36
Difference : 384.66
Category : Financial Sector Exception

Punjab National Bank
Sector : Financials
Source ROE : 8.7
Calculated ROE : 393.36
Difference : 384.66
Category : Financial Sector Exception

Punjab National Bank
Sector : Financials
Source ROE : 8.7
Calculated ROE : 812.3
Difference : 803.6
Category : Financial Sector Exception

Punjab National Bank
Sector : Financials
Source ROE : 8.7
Calculated ROE : 812.3
Difference : 803.6
Category : Financial Sector Exception

Punjab National Bank
Sector : Financials
Source ROE : 8.7
Calculated ROE : 812.3
Difference : 803.6
Category : Financial Sector Exception

Punjab National Bank
Sector : Financials
Source ROE : 8.7
Calculated ROE : 812.3
Difference : 803.6
Category : Financial Sector Exception

Punjab National Bank
Sector : Financials
Source ROE : 8.7
Calculated ROE : 812.3
Difference : 803.6
Category : Financial Sector Exception

Power Grid Corporation of India Ltd
Sector : Energy
Source ROE : 19.0
Calculated ROE : 13.11
Difference : 5.89
Category : Formula / Source Difference

Power Grid Corporation of India Ltd
Sector : Energy
Source ROE : 19.0
Calculated ROE : 13.11
Difference : 5.89
Category : Formula / Source Difference

Power Grid Corporation of India Ltd
Sector : Energy
Source ROE : 19.0
Calculated ROE : 13.13
Difference : 5.87
Category : Formula / Source Difference

Power Grid Corporation of India Ltd
Sector : Energy
Source ROE : 19.0
Calculated ROE : 13.13
Difference : 5.87
Category : Formula / Source Difference

Power Grid Corporation of India Ltd
Sector : Energy
Source ROE : 19.0
Calculated ROE : 13.55
Difference : 5.45
Category : Formula / Source Difference

Power Grid Corporation of India Ltd
Sector : Energy
Source ROE : 19.0
Calculated ROE : 13.55
Difference : 5.45
Category : Formula / Source Difference

REC Ltd
Sector : Financials
Source ROE : 22.2
Calculated ROE : 13.66
Difference : 8.54
Category : Financial Sector Exception

REC Ltd
Sector : Financials
Source ROE : 22.2
Calculated ROE : 14.05
Difference : 8.15
Category : Financial Sector Exception

REC Ltd
Sector : Financials
Source ROE : 22.2
Calculated ROE : 16.62
Difference : 5.58
Category : Financial Sector Exception

SBI Life Insurance Company Ltd
Sector : Financials
Source ROE : 12.0
Calculated ROE : 17.2
Difference : 5.2
Category : Financial Sector Exception

SBI Life Insurance Company Ltd
Sector : Financials
Source ROE : 12.0
Calculated ROE : 17.52
Difference : 5.52
Category : Financial Sector Exception

SBI Life Insurance Company Ltd
Sector : Financials
Source ROE : 12.0
Calculated ROE : 17.62
Difference : 5.62
Category : Financial Sector Exception

SBI Life Insurance Company Ltd
Sector : Financials
Source ROE : 12.0
Calculated ROE : 17.83
Difference : 5.83
Category : Financial Sector Exception

SBI Life Insurance Company Ltd
Sector : Financials
Source ROE : 12.0
Calculated ROE : 20.09
Difference : 8.09
Category : Financial Sector Exception

SBI Life Insurance Company Ltd
Sector : Financials
Source ROE : 12.0
Calculated ROE : 21.69
Difference : 9.69
Category : Financial Sector Exception

SBI Life Insurance Company Ltd
Sector : Financials
Source ROE : 12.0
Calculated ROE : 23.03
Difference : 11.03
Category : Financial Sector Exception

Shree Cement Ltd
Sector : Materials
Source ROE : 12.2
Calculated ROE : 17.39
Difference : 5.19
Category : Formula / Source Difference

Shree Cement Ltd
Sector : Materials
Source ROE : 12.2
Calculated ROE : 26.12
Difference : 13.92
Category : Formula / Source Difference

Shriram Finance Ltd

Sector : Financials
Source ROE : 15.9
Calculated ROE : 10.43
Difference : 5.47
Category : Financial Sector Exception

Siemens Ltd
Sector : Industrials
Source ROE : 19.1
Calculated ROE : 8.1
Difference : 11.0
Category : Formula / Source Difference

Siemens Ltd
Sector : Industrials
Source ROE : 19.1
Calculated ROE : 10.52
Difference : 8.58
Category : Formula / Source Difference

Siemens Ltd
Sector : Industrials
Source ROE : 19.1
Calculated ROE : 10.86
Difference : 8.24
Category : Formula / Source Difference

Siemens Ltd
Sector : Industrials
Source ROE : 19.1
Calculated ROE : 12.14
Difference : 6.96
Category : Formula / Source Difference

Siemens Ltd
Sector : Industrials
Source ROE : 19.1
Calculated ROE : 13.29
Difference : 5.81
Category : Formula / Source Difference

Siemens Ltd
Sector : Industrials
Source ROE : 19.1
Calculated ROE : 13.78
Difference : 5.32
Category : Formula / Source Difference

Siemens Ltd
Sector : Industrials
Source ROE : 19.1
Calculated ROE : 42.83
Difference : 23.73
Category : Formula / Source Difference

Sun Pharmaceuticals Industries Ltd
Sector : Healthcare
Source ROE : 16.7
Calculated ROE : 4.89
Difference : 11.81
Category : Formula / Source Difference

Sun Pharmaceuticals Industries Ltd
Sector : Healthcare
Source ROE : 16.7
Calculated ROE : 6.63
Difference : 10.07
Category : Formula / Source Difference

Sun Pharmaceuticals Industries Ltd
Sector : Healthcare
Source ROE : 16.7
Calculated ROE : 7.06
Difference : 9.64
Category : Formula / Source Difference

Sun Pharmaceuticals Industries Ltd
Sector : Healthcare
Source ROE : 16.7
Calculated ROE : 7.75
Difference : 8.95
Category : Formula / Source Difference

Sun Pharmaceuticals Industries Ltd
Sector : Healthcare
Source ROE : 16.7
Calculated ROE : 9.22
Difference : 7.48
Category : Formula / Source Difference

Sun Pharmaceuticals Industries Ltd
Sector : Healthcare
Source ROE : 16.7
Calculated ROE : 23.14
Difference : 6.44
Category : Formula / Source Difference

Tata Consumer Products Ltd
Sector : Consumer Staples
Source ROE : 8.32
Calculated ROE : -0.59
Difference : 8.91
Category : Formula / Source Difference

Tata Motors Ltd
Sector : Consumer Discretionary
Source ROE : 49.4
Calculated ROE : -47.73
Difference : 97.13
Category : Formula / Source Difference

Tata Motors Ltd
Sector : Consumer Discretionary
Source ROE : 49.4
Calculated ROE : -25.38
Difference : 74.78
Category : Formula / Source Difference

Tata Motors Ltd
Sector : Consumer Discretionary
Source ROE : 49.4
Calculated ROE : -24.25
Difference : 73.65
Category : Formula / Source Difference

Tata Motors Ltd
Sector : Consumer Discretionary
Source ROE : 49.4
Calculated ROE : -18.98
Difference : 68.38
Category : Formula / Source Difference

Tata Motors Ltd
Sector : Consumer Discretionary
Source ROE : 49.4
Calculated ROE : 5.94
Difference : 43.46
Category : Formula / Source Difference

Tata Motors Ltd
Sector : Consumer Discretionary
Source ROE : 49.4
Calculated ROE : 9.53
Difference : 39.87
Category : Formula / Source Difference

Tata Motors Ltd
Sector : Consumer Discretionary
Source ROE : 49.4
Calculated ROE : 13.02
Difference : 36.38
Category : Formula / Source Difference

Tata Motors Ltd
Sector : Consumer Discretionary
Source ROE : 49.4
Calculated ROE : 14.79
Difference : 34.61
Category : Formula / Source Difference

Tata Motors Ltd
Sector : Consumer Discretionary
Source ROE : 49.4
Calculated ROE : 21.42
Difference : 27.98
Category : Formula / Source Difference

Tata Motors Ltd
Sector : Consumer Discretionary
Source ROE : 49.4
Calculated ROE : 25.01
Difference : 24.39
Category : Formula / Source Difference

Tata Motors Ltd
Sector : Consumer Discretionary
Source ROE : 49.4
Calculated ROE : 26.51
Difference : 22.89
Category : Formula / Source Difference

Tata Motors Ltd
Sector : Consumer Discretionary
Source ROE : 49.4
Calculated ROE : 31.47
Difference : 17.93
Category : Formula / Source Difference

Tata Motors Ltd
Sector : Consumer Discretionary
Source ROE : 49.4
Calculated ROE : 37.46
Difference : 11.94
Category : Formula / Source Difference

Tata Power Company Ltd

Sector : Energy
Source ROE : 11.3
Calculated ROE : 0.1
Difference : 11.2
Category : Formula / Source Difference

Tata Power Company Ltd

Sector : Energy
Source ROE : 11.3
Calculated ROE : 1.0
Difference : 10.3
Category : Formula / Source Difference

Tata Power Company Ltd

Sector : Energy
Source ROE : 11.3
Calculated ROE : 3.19
Difference : 8.11
Category : Formula / Source Difference

Tata Steel Ltd

Sector : Materials
Source ROE : 6.55
Calculated ROE : -21.28
Difference : 27.83
Category : Formula / Source Difference

Tata Steel Ltd

Sector : Materials
Source ROE : 6.55
Calculated ROE : -12.56
Difference : 19.11
Category : Formula / Source Difference

Tata Steel Ltd

Sector : Materials
Source ROE : 6.55
Calculated ROE : -11.02
Difference : 17.57
Category : Formula / Source Difference

Tata Steel Ltd

Sector : Materials
Source ROE : 6.55
Calculated ROE : -5.45
Difference : 12.0
Category : Formula / Source Difference

Tata Steel Ltd

Sector : Materials
Source ROE : 6.55
Calculated ROE : -5.33
Difference : 11.88
Category : Formula / Source Difference

Tata Steel Ltd

Sector : Materials
Source ROE : 6.55
Calculated ROE : -1.14
Difference : 7.69
Category : Formula / Source Difference

Tata Steel Ltd

Sector : Materials
Source ROE : 6.55
Calculated ROE : 13.23
Difference : 6.68
Category : Formula / Source Difference

Tata Steel Ltd

Sector : Materials
Source ROE : 6.55
Calculated ROE : 29.15
Difference : 22.6
Category : Formula / Source Difference

Tata Steel Ltd

Sector : Materials
Source ROE : 6.55
Calculated ROE : 36.48
Difference : 29.93
Category : Formula / Source Difference

Tata Consultancy Services Ltd
Sector : Information Technology
Source ROE : 0.52
Calculated ROE : 30.4
Difference : 29.88
Category : Formula / Source Difference

Tata Consultancy Services Ltd
Sector : Information Technology
Source ROE : 0.52
Calculated ROE : 30.4
Difference : 29.88
Category : Formula / Source Difference

Tata Consultancy Services Ltd
Sector : Information Technology
Source ROE : 0.52
Calculated ROE : 30.57
Difference : 30.05
Category : Formula / Source Difference

Tata Consultancy Services Ltd
Sector : Information Technology
Source ROE : 0.52
Calculated ROE : 30.57
Difference : 30.05
Category : Formula / Source Difference

Tata Consultancy Services Ltd
Sector : Information Technology
Source ROE : 0.52
Calculated ROE : 34.24
Difference : 33.72
Category : Formula / Source Difference

Tata Consultancy Services Ltd
Sector : Information Technology
Source ROE : 0.52
Calculated ROE : 34.24
Difference : 33.72
Category : Formula / Source Difference

Tata Consultancy Services Ltd
Sector : Information Technology
Source ROE : 0.52
Calculated ROE : 35.29
Difference : 34.77
Category : Formula / Source Difference

Tata Consultancy Services Ltd
Sector : Information Technology
Source ROE : 0.52
Calculated ROE : 35.29
Difference : 34.77
Category : Formula / Source Difference

Tata Consultancy Services Ltd
Sector : Information Technology
Source ROE : 0.52
Calculated ROE : 36.52
Difference : 36.0
Category : Formula / Source Difference

Tata Consultancy Services Ltd
Sector : Information Technology
Source ROE : 0.52
Calculated ROE : 36.52
Difference : 36.0
Category : Formula / Source Difference

Tata Consultancy Services Ltd
Sector : Information Technology
Source ROE : 0.52
Calculated ROE : 37.67
Difference : 37.15
Category : Formula / Source Difference

Tata Consultancy Services Ltd
Sector : Information Technology
Source ROE : 0.52
Calculated ROE : 37.67
Difference : 37.15
Category : Formula / Source Difference

Tata Consultancy Services Ltd
Sector : Information Technology
Source ROE : 0.52
Calculated ROE : 38.57
Difference : 38.05
Category : Formula / Source Difference

Tata Consultancy Services Ltd
Sector : Information Technology
Source ROE : 0.52
Calculated ROE : 38.57
Difference : 38.05
Category : Formula / Source Difference

Tata Consultancy Services Ltd
Sector : Information Technology
Source ROE : 0.52
Calculated ROE : 39.3
Difference : 38.78
Category : Formula / Source Difference

Tata Consultancy Services Ltd
Sector : Information Technology
Source ROE : 0.52
Calculated ROE : 39.3
Difference : 38.78
Category : Formula / Source Difference

Tata Consultancy Services Ltd
Sector : Information Technology
Source ROE : 0.52
Calculated ROE : 39.62
Difference : 39.1
Category : Formula / Source Difference

Tata Consultancy Services Ltd
Sector : Information Technology
Source ROE : 0.52
Calculated ROE : 39.62
Difference : 39.1
Category : Formula / Source Difference

Tata Consultancy Services Ltd
Sector : Information Technology
Source ROE : 0.52
Calculated ROE : 43.13
Difference : 42.61
Category : Formula / Source Difference

Tata Consultancy Services Ltd
Sector : Information Technology
Source ROE : 0.52
Calculated ROE : 43.13
Difference : 42.61
Category : Formula / Source Difference

Tata Consultancy Services Ltd
Sector : Information Technology
Source ROE : 0.52
Calculated ROE : 45.42
Difference : 44.9
Category : Formula / Source Difference

Tata Consultancy Services Ltd
Sector : Information Technology
Source ROE : 0.52
Calculated ROE : 45.42
Difference : 44.9
Category : Formula / Source Difference

Tata Consultancy Services Ltd
Sector : Information Technology
Source ROE : 0.52
Calculated ROE : 46.78
Difference : 46.26
Category : Formula / Source Difference

Tata Consultancy Services Ltd
Sector : Information Technology
Source ROE : 0.52
Calculated ROE : 46.78
Difference : 46.26
Category : Formula / Source Difference

Tata Consultancy Services Ltd
Sector : Information Technology
Source ROE : 0.52
Calculated ROE : 50.94
Difference : 50.42
Category : Formula / Source Difference

Tata Consultancy Services Ltd
Sector : Information Technology
Source ROE : 0.52
Calculated ROE : 50.94
Difference : 50.42
Category : Formula / Source Difference

Tech Mahindra Ltd
Sector : Information Technology
Source ROE : 8.63
Calculated ROE : 17.35
Difference : 8.72
Category : Formula / Source Difference

Tech Mahindra Ltd
Sector : Information Technology
Source ROE : 8.63
Calculated ROE : 17.35
Difference : 8.72
Category : Formula / Source Difference

Tech Mahindra Ltd
Sector : Information Technology
Source ROE : 8.63
Calculated ROE : 17.39
Difference : 8.76
Category : Formula / Source Difference

Tech Mahindra Ltd
Sector : Information Technology
Source ROE : 8.63
Calculated ROE : 17.39
Difference : 8.76
Category : Formula / Source Difference

Tech Mahindra Ltd
Sector : Information Technology
Source ROE : 8.63
Calculated ROE : 17.51
Difference : 8.88
Category : Formula / Source Difference

Tech Mahindra Ltd
Sector : Information Technology
Source ROE : 8.63
Calculated ROE : 17.51
Difference : 8.88
Category : Formula / Source Difference

Tech Mahindra Ltd
Sector : Information Technology
Source ROE : 8.63
Calculated ROE : 17.87
Difference : 9.24
Category : Formula / Source Difference

Tech Mahindra Ltd
Sector : Information Technology
Source ROE : 8.63
Calculated ROE : 17.87
Difference : 9.24
Category : Formula / Source Difference

Tech Mahindra Ltd
Sector : Information Technology
Source ROE : 8.63
Calculated ROE : 20.09
Difference : 11.46
Category : Formula / Source Difference

Tech Mahindra Ltd
Sector : Information Technology
Source ROE : 8.63
Calculated ROE : 20.09
Difference : 11.46
Category : Formula / Source Difference

Tech Mahindra Ltd
Sector : Information Technology
Source ROE : 8.63
Calculated ROE : 20.75
Difference : 12.12
Category : Formula / Source Difference

Tech Mahindra Ltd
Sector : Information Technology
Source ROE : 8.63
Calculated ROE : 20.75
Difference : 12.12
Category : Formula / Source Difference

Tech Mahindra Ltd
Sector : Information Technology
Source ROE : 8.63
Calculated ROE : 20.94
Difference : 12.31
Category : Formula / Source Difference

Tech Mahindra Ltd
Sector : Information Technology
Source ROE : 8.63
Calculated ROE : 20.94
Difference : 12.31
Category : Formula / Source Difference

Tech Mahindra Ltd
Sector : Information Technology
Source ROE : 8.63
Calculated ROE : 21.14
Difference : 12.51
Category : Formula / Source Difference

Tech Mahindra Ltd
Sector : Information Technology
Source ROE : 8.63
Calculated ROE : 21.14
Difference : 12.51
Category : Formula / Source Difference

Tech Mahindra Ltd
Sector : Information Technology
Source ROE : 8.63
Calculated ROE : 21.71
Difference : 13.08
Category : Formula / Source Difference

Tech Mahindra Ltd
Sector : Information Technology
Source ROE : 8.63
Calculated ROE : 21.71
Difference : 13.08
Category : Formula / Source Difference

Tech Mahindra Ltd
Sector : Information Technology
Source ROE : 8.63
Calculated ROE : 24.09
Difference : 15.46
Category : Formula / Source Difference

Tech Mahindra Ltd
Sector : Information Technology
Source ROE : 8.63
Calculated ROE : 24.09
Difference : 15.46
Category : Formula / Source Difference

Tech Mahindra Ltd
Sector : Information Technology
Source ROE : 8.63
Calculated ROE : 33.35
Difference : 24.72
Category : Formula / Source Difference

Tech Mahindra Ltd
Sector : Information Technology
Source ROE : 8.63
Calculated ROE : 33.35
Difference : 24.72
Category : Formula / Source Difference

Titan Company Ltd

Sector : Consumer Discretionary
Source ROE : 32.9
Calculated ROE : 12.99
Difference : 19.91
Category : Formula / Source Difference

Titan Company Ltd

Sector : Consumer Discretionary
Source ROE : 32.9
Calculated ROE : 16.47
Difference : 16.43
Category : Formula / Source Difference

Titan Company Ltd

Sector : Consumer Discretionary
Source ROE : 32.9
Calculated ROE : 19.25
Difference : 13.65
Category : Formula / Source Difference

Titan Company Ltd

Sector : Consumer Discretionary
Source ROE : 32.9
Calculated ROE : 21.65
Difference : 11.25
Category : Formula / Source Difference

Titan Company Ltd

Sector : Consumer Discretionary
Source ROE : 32.9
Calculated ROE : 22.39
Difference : 10.51
Category : Formula / Source Difference

Titan Company Ltd

Sector : Consumer Discretionary
Source ROE : 32.9
Calculated ROE : 22.88
Difference : 10.02
Category : Formula / Source Difference

Titan Company Ltd

Sector : Consumer Discretionary
Source ROE : 32.9
Calculated ROE : 23.63
Difference : 9.27
Category : Formula / Source Difference

Titan Company Ltd

Sector : Consumer Discretionary
Source ROE : 32.9
Calculated ROE : 26.46
Difference : 6.44
Category : Formula / Source Difference

Titan Company Ltd

Sector : Consumer Discretionary
Source ROE : 32.9
Calculated ROE : 27.63
Difference : 5.27
Category : Formula / Source Difference

Torrent Pharmaceuticals Ltd
Sector : Healthcare
Source ROE : 24.2
Calculated ROE : 9.23
Difference : 14.97
Category : Formula / Source Difference

Torrent Pharmaceuticals Ltd
Sector : Healthcare
Source ROE : 24.2
Calculated ROE : 13.05
Difference : 11.15
Category : Formula / Source Difference

Torrent Pharmaceuticals Ltd
Sector : Healthcare
Source ROE : 24.2
Calculated ROE : 14.67
Difference : 9.53
Category : Formula / Source Difference

Torrent Pharmaceuticals Ltd
Sector : Healthcare
Source ROE : 24.2
Calculated ROE : 30.15
Difference : 5.95
Category : Formula / Source Difference

Torrent Pharmaceuticals Ltd
Sector : Healthcare
Source ROE : 24.2
Calculated ROE : 30.59
Difference : 6.39
Category : Formula / Source Difference

Torrent Pharmaceuticals Ltd
Sector : Healthcare
Source ROE : 24.2
Calculated ROE : 34.89
Difference : 10.69
Category : Formula / Source Difference

Torrent Pharmaceuticals Ltd
Sector : Healthcare
Source ROE : 24.2
Calculated ROE : 49.6
Difference : 25.4
Category : Formula / Source Difference

Trent Ltd
Sector : Consumer Discretionary
Source ROE : 27.2
Calculated ROE : -7.83
Difference : 35.03
Category : Formula / Source Difference

Trent Ltd
Sector : Consumer Discretionary
Source ROE : 27.2
Calculated ROE : -2.19
Difference : 29.39
Category : Formula / Source Difference

Trent Ltd
Sector : Consumer Discretionary
Source ROE : 27.2
Calculated ROE : -1.92
Difference : 29.12
Category : Formula / Source Difference

Trent Ltd
Sector : Consumer Discretionary
Source ROE : 27.2
Calculated ROE : 1.48
Difference : 25.72
Category : Formula / Source Difference

Trent Ltd
Sector : Consumer Discretionary
Source ROE : 27.2
Calculated ROE : 3.76
Difference : 23.44
Category : Formula / Source Difference

Trent Ltd
Sector : Consumer Discretionary
Source ROE : 27.2
Calculated ROE : 4.44
Difference : 22.76
Category : Formula / Source Difference

Trent Ltd
Sector : Consumer Discretionary
Source ROE : 27.2
Calculated ROE : 5.45
Difference : 21.75
Category : Formula / Source Difference

Trent Ltd
Sector : Consumer Discretionary
Source ROE : 27.2
Calculated ROE : 5.49
Difference : 21.71
Category : Formula / Source Difference

Trent Ltd
Sector : Consumer Discretionary
Source ROE : 27.2
Calculated ROE : 5.77
Difference : 21.43
Category : Formula / Source Difference

Trent Ltd
Sector : Consumer Discretionary
Source ROE : 27.2
Calculated ROE : 9.07
Difference : 18.13
Category : Formula / Source Difference

Trent Ltd
Sector : Consumer Discretionary
Source ROE : 27.2
Calculated ROE : 15.18
Difference : 12.02
Category : Formula / Source Difference

Trent Ltd
Sector : Consumer Discretionary
Source ROE : 27.2
Calculated ROE : 36.31
Difference : 9.11
Category : Formula / Source Difference

